{"/home/isra/vsCodeFiles/expressGSG/expressFinalProject/index.ts": {"path":"/home/isra/vsCodeFiles/expressGSG/expressFinalProject/index.ts","statementMap":{"0":{"start":{"line":16,"column":12},"end":{"line":16,"column":21}},"1":{"start":{"line":17,"column":13},"end":{"line":17,"column":37}},"2":{"start":{"line":18,"column":0},"end":{"line":18,"column":24}},"3":{"start":{"line":20,"column":0},"end":{"line":22,"column":3}},"4":{"start":{"line":21,"column":2},"end":{"line":21,"column":25}},"5":{"start":{"line":23,"column":0},"end":{"line":23,"column":24}},"6":{"start":{"line":24,"column":0},"end":{"line":24,"column":30}},"7":{"start":{"line":25,"column":0},"end":{"line":25,"column":30}},"8":{"start":{"line":26,"column":0},"end":{"line":26,"column":33}},"9":{"start":{"line":27,"column":0},"end":{"line":27,"column":39}},"10":{"start":{"line":28,"column":0},"end":{"line":28,"column":43}},"11":{"start":{"line":29,"column":0},"end":{"line":29,"column":31}},"12":{"start":{"line":30,"column":0},"end":{"line":30,"column":35}},"13":{"start":{"line":31,"column":0},"end":{"line":31,"column":33}},"14":{"start":{"line":32,"column":0},"end":{"line":32,"column":25}},"15":{"start":{"line":34,"column":0},"end":{"line":36,"column":3}},"16":{"start":{"line":35,"column":2},"end":{"line":35,"column":66}},"17":{"start":{"line":38,"column":0},"end":{"line":42,"column":3}},"18":{"start":{"line":39,"column":2},"end":{"line":39,"column":62}},"19":{"start":{"line":40,"column":2},"end":{"line":40,"column":54}},"20":{"start":{"line":41,"column":2},"end":{"line":41,"column":15}}},"fnMap":{"0":{"name":"(anonymous_0)","decl":{"start":{"line":20,"column":13},"end":{"line":20,"column":14}},"loc":{"start":{"line":20,"column":26},"end":{"line":22,"column":1}}},"1":{"name":"(anonymous_1)","decl":{"start":{"line":34,"column":8},"end":{"line":34,"column":9}},"loc":{"start":{"line":34,"column":21},"end":{"line":36,"column":1}}},"2":{"name":"(anonymous_2)","decl":{"start":{"line":38,"column":17},"end":{"line":38,"column":20}},"loc":{"start":{"line":38,"column":22},"end":{"line":42,"column":1}}}},"branchMap":{"0":{"loc":{"start":{"line":17,"column":13},"end":{"line":17,"column":37}},"type":"binary-expr","locations":[{"start":{"line":17,"column":13},"end":{"line":17,"column":29}},{"start":{"line":17,"column":33},"end":{"line":17,"column":37}}]}},"s":{"0":1,"1":1,"2":1,"3":1,"4":0,"5":1,"6":1,"7":1,"8":1,"9":1,"10":1,"11":1,"12":1,"13":1,"14":1,"15":1,"16":0,"17":1,"18":1,"19":1,"20":1},"f":{"0":0,"1":0,"2":1},"b":{"0":[1,1]}}
,"/home/isra/vsCodeFiles/expressGSG/expressFinalProject/logger.ts": {"path":"/home/isra/vsCodeFiles/expressGSG/expressFinalProject/logger.ts","statementMap":{"0":{"start":{"line":3,"column":19},"end":{"line":11,"column":2}}},"fnMap":{},"branchMap":{},"s":{"0":1},"f":{},"b":{}}
,"/home/isra/vsCodeFiles/expressGSG/expressFinalProject/@types/entity.ts": {"path":"/home/isra/vsCodeFiles/expressGSG/expressFinalProject/@types/entity.ts","statementMap":{"0":{"start":{"line":41,"column":30},"end":{"line":51,"column":2}}},"fnMap":{},"branchMap":{},"s":{"0":1},"f":{},"b":{}}
,"/home/isra/vsCodeFiles/expressGSG/expressFinalProject/controllers/book.ts": {"path":"/home/isra/vsCodeFiles/expressGSG/expressFinalProject/controllers/book.ts","statementMap":{"0":{"start":{"line":6,"column":0},"end":{"line":6,"column":16}},"1":{"start":{"line":8,"column":29},"end":{"line":30,"column":1}},"2":{"start":{"line":17,"column":2},"end":{"line":17,"column":30}},"3":{"start":{"line":18,"column":12},"end":{"line":28,"column":4}},"4":{"start":{"line":29,"column":2},"end":{"line":29,"column":13}},"5":{"start":{"line":32,"column":21},"end":{"line":68,"column":1}},"6":{"start":{"line":38,"column":16},"end":{"line":38,"column":40}},"7":{"start":{"line":39,"column":22},"end":{"line":39,"column":24}},"8":{"start":{"line":41,"column":12},"end":{"line":41,"column":29}},"9":{"start":{"line":42,"column":2},"end":{"line":66,"column":5}},"10":{"start":{"line":43,"column":18},"end":{"line":43,"column":22}},"11":{"start":{"line":44,"column":4},"end":{"line":52,"column":22}},"12":{"start":{"line":52,"column":6},"end":{"line":52,"column":22}},"13":{"start":{"line":53,"column":4},"end":{"line":61,"column":22}},"14":{"start":{"line":61,"column":6},"end":{"line":61,"column":22}},"15":{"start":{"line":62,"column":4},"end":{"line":63,"column":22}},"16":{"start":{"line":63,"column":6},"end":{"line":63,"column":22}},"17":{"start":{"line":64,"column":4},"end":{"line":64,"column":60}},"18":{"start":{"line":64,"column":44},"end":{"line":64,"column":60}},"19":{"start":{"line":65,"column":4},"end":{"line":65,"column":34}},"20":{"start":{"line":65,"column":17},"end":{"line":65,"column":34}},"21":{"start":{"line":67,"column":2},"end":{"line":67,"column":15}},"22":{"start":{"line":70,"column":25},"end":{"line":106,"column":1}},"23":{"start":{"line":76,"column":16},"end":{"line":76,"column":40}},"24":{"start":{"line":77,"column":22},"end":{"line":77,"column":24}},"25":{"start":{"line":79,"column":12},"end":{"line":79,"column":29}},"26":{"start":{"line":80,"column":2},"end":{"line":104,"column":5}},"27":{"start":{"line":81,"column":18},"end":{"line":81,"column":22}},"28":{"start":{"line":82,"column":4},"end":{"line":90,"column":22}},"29":{"start":{"line":90,"column":6},"end":{"line":90,"column":22}},"30":{"start":{"line":91,"column":4},"end":{"line":99,"column":22}},"31":{"start":{"line":99,"column":6},"end":{"line":99,"column":22}},"32":{"start":{"line":100,"column":4},"end":{"line":101,"column":22}},"33":{"start":{"line":101,"column":6},"end":{"line":101,"column":22}},"34":{"start":{"line":102,"column":4},"end":{"line":102,"column":60}},"35":{"start":{"line":102,"column":44},"end":{"line":102,"column":60}},"36":{"start":{"line":103,"column":4},"end":{"line":103,"column":35}},"37":{"start":{"line":103,"column":17},"end":{"line":103,"column":35}},"38":{"start":{"line":105,"column":2},"end":{"line":105,"column":13}},"39":{"start":{"line":107,"column":20},"end":{"line":112,"column":1}},"40":{"start":{"line":108,"column":2},"end":{"line":108,"column":60}},"41":{"start":{"line":108,"column":34},"end":{"line":108,"column":60}},"42":{"start":{"line":109,"column":13},"end":{"line":109,"column":49}},"43":{"start":{"line":110,"column":2},"end":{"line":110,"column":50}},"44":{"start":{"line":110,"column":13},"end":{"line":110,"column":50}},"45":{"start":{"line":111,"column":2},"end":{"line":111,"column":14}},"46":{"start":{"line":114,"column":24},"end":{"line":129,"column":1}},"47":{"start":{"line":117,"column":14},"end":{"line":126,"column":4}},"48":{"start":{"line":127,"column":2},"end":{"line":127,"column":61}},"49":{"start":{"line":127,"column":21},"end":{"line":127,"column":61}},"50":{"start":{"line":128,"column":2},"end":{"line":128,"column":15}},"51":{"start":{"line":131,"column":25},"end":{"line":146,"column":1}},"52":{"start":{"line":134,"column":14},"end":{"line":143,"column":4}},"53":{"start":{"line":144,"column":2},"end":{"line":144,"column":62}},"54":{"start":{"line":144,"column":21},"end":{"line":144,"column":62}},"55":{"start":{"line":145,"column":2},"end":{"line":145,"column":15}},"56":{"start":{"line":148,"column":22},"end":{"line":163,"column":1}},"57":{"start":{"line":151,"column":14},"end":{"line":160,"column":4}},"58":{"start":{"line":161,"column":2},"end":{"line":161,"column":60}},"59":{"start":{"line":161,"column":21},"end":{"line":161,"column":60}},"60":{"start":{"line":162,"column":2},"end":{"line":162,"column":15}}},"fnMap":{"0":{"name":"(anonymous_0)","decl":{"start":{"line":8,"column":29},"end":{"line":8,"column":34}},"loc":{"start":{"line":16,"column":4},"end":{"line":30,"column":1}}},"1":{"name":"(anonymous_1)","decl":{"start":{"line":32,"column":21},"end":{"line":32,"column":26}},"loc":{"start":{"line":37,"column":4},"end":{"line":68,"column":1}}},"2":{"name":"(anonymous_2)","decl":{"start":{"line":42,"column":14},"end":{"line":42,"column":15}},"loc":{"start":{"line":42,"column":23},"end":{"line":66,"column":3}}},"3":{"name":"(anonymous_3)","decl":{"start":{"line":70,"column":25},"end":{"line":70,"column":30}},"loc":{"start":{"line":75,"column":4},"end":{"line":106,"column":1}}},"4":{"name":"(anonymous_4)","decl":{"start":{"line":80,"column":14},"end":{"line":80,"column":15}},"loc":{"start":{"line":80,"column":23},"end":{"line":104,"column":3}}},"5":{"name":"(anonymous_5)","decl":{"start":{"line":107,"column":20},"end":{"line":107,"column":25}},"loc":{"start":{"line":107,"column":54},"end":{"line":112,"column":1}}},"6":{"name":"(anonymous_6)","decl":{"start":{"line":114,"column":24},"end":{"line":114,"column":29}},"loc":{"start":{"line":114,"column":48},"end":{"line":129,"column":1}}},"7":{"name":"(anonymous_7)","decl":{"start":{"line":131,"column":25},"end":{"line":131,"column":30}},"loc":{"start":{"line":131,"column":50},"end":{"line":146,"column":1}}},"8":{"name":"(anonymous_8)","decl":{"start":{"line":148,"column":22},"end":{"line":148,"column":27}},"loc":{"start":{"line":148,"column":45},"end":{"line":163,"column":1}}}},"branchMap":{"0":{"loc":{"start":{"line":44,"column":4},"end":{"line":52,"column":22}},"type":"if","locations":[{"start":{"line":44,"column":4},"end":{"line":52,"column":22}}]},"1":{"loc":{"start":{"line":45,"column":6},"end":{"line":50,"column":51}},"type":"binary-expr","locations":[{"start":{"line":45,"column":6},"end":{"line":45,"column":12}},{"start":{"line":46,"column":6},"end":{"line":46,"column":55}},{"start":{"line":47,"column":6},"end":{"line":50,"column":51}}]},"2":{"loc":{"start":{"line":53,"column":4},"end":{"line":61,"column":22}},"type":"if","locations":[{"start":{"line":53,"column":4},"end":{"line":61,"column":22}}]},"3":{"loc":{"start":{"line":54,"column":6},"end":{"line":59,"column":50}},"type":"binary-expr","locations":[{"start":{"line":54,"column":6},"end":{"line":54,"column":11}},{"start":{"line":55,"column":6},"end":{"line":55,"column":53}},{"start":{"line":56,"column":6},"end":{"line":59,"column":50}}]},"4":{"loc":{"start":{"line":62,"column":4},"end":{"line":63,"column":22}},"type":"if","locations":[{"start":{"line":62,"column":4},"end":{"line":63,"column":22}}]},"5":{"loc":{"start":{"line":62,"column":8},"end":{"line":62,"column":73}},"type":"binary-expr","locations":[{"start":{"line":62,"column":8},"end":{"line":62,"column":16}},{"start":{"line":62,"column":20},"end":{"line":62,"column":73}}]},"6":{"loc":{"start":{"line":64,"column":4},"end":{"line":64,"column":60}},"type":"if","locations":[{"start":{"line":64,"column":4},"end":{"line":64,"column":60}}]},"7":{"loc":{"start":{"line":64,"column":8},"end":{"line":64,"column":42}},"type":"binary-expr","locations":[{"start":{"line":64,"column":8},"end":{"line":64,"column":15}},{"start":{"line":64,"column":19},"end":{"line":64,"column":42}}]},"8":{"loc":{"start":{"line":65,"column":4},"end":{"line":65,"column":34}},"type":"if","locations":[{"start":{"line":65,"column":4},"end":{"line":65,"column":34}}]},"9":{"loc":{"start":{"line":82,"column":4},"end":{"line":90,"column":22}},"type":"if","locations":[{"start":{"line":82,"column":4},"end":{"line":90,"column":22}}]},"10":{"loc":{"start":{"line":83,"column":6},"end":{"line":88,"column":51}},"type":"binary-expr","locations":[{"start":{"line":83,"column":6},"end":{"line":83,"column":12}},{"start":{"line":84,"column":6},"end":{"line":84,"column":55}},{"start":{"line":85,"column":6},"end":{"line":88,"column":51}}]},"11":{"loc":{"start":{"line":91,"column":4},"end":{"line":99,"column":22}},"type":"if","locations":[{"start":{"line":91,"column":4},"end":{"line":99,"column":22}}]},"12":{"loc":{"start":{"line":92,"column":6},"end":{"line":97,"column":50}},"type":"binary-expr","locations":[{"start":{"line":92,"column":6},"end":{"line":92,"column":11}},{"start":{"line":93,"column":6},"end":{"line":93,"column":53}},{"start":{"line":94,"column":6},"end":{"line":97,"column":50}}]},"13":{"loc":{"start":{"line":100,"column":4},"end":{"line":101,"column":22}},"type":"if","locations":[{"start":{"line":100,"column":4},"end":{"line":101,"column":22}}]},"14":{"loc":{"start":{"line":100,"column":8},"end":{"line":100,"column":73}},"type":"binary-expr","locations":[{"start":{"line":100,"column":8},"end":{"line":100,"column":16}},{"start":{"line":100,"column":20},"end":{"line":100,"column":73}}]},"15":{"loc":{"start":{"line":102,"column":4},"end":{"line":102,"column":60}},"type":"if","locations":[{"start":{"line":102,"column":4},"end":{"line":102,"column":60}}]},"16":{"loc":{"start":{"line":102,"column":8},"end":{"line":102,"column":42}},"type":"binary-expr","locations":[{"start":{"line":102,"column":8},"end":{"line":102,"column":15}},{"start":{"line":102,"column":19},"end":{"line":102,"column":42}}]},"17":{"loc":{"start":{"line":103,"column":4},"end":{"line":103,"column":35}},"type":"if","locations":[{"start":{"line":103,"column":4},"end":{"line":103,"column":35}}]},"18":{"loc":{"start":{"line":108,"column":2},"end":{"line":108,"column":60}},"type":"if","locations":[{"start":{"line":108,"column":2},"end":{"line":108,"column":60}}]},"19":{"loc":{"start":{"line":110,"column":2},"end":{"line":110,"column":50}},"type":"if","locations":[{"start":{"line":110,"column":2},"end":{"line":110,"column":50}}]},"20":{"loc":{"start":{"line":127,"column":2},"end":{"line":127,"column":61}},"type":"if","locations":[{"start":{"line":127,"column":2},"end":{"line":127,"column":61}}]},"21":{"loc":{"start":{"line":144,"column":2},"end":{"line":144,"column":62}},"type":"if","locations":[{"start":{"line":144,"column":2},"end":{"line":144,"column":62}}]},"22":{"loc":{"start":{"line":161,"column":2},"end":{"line":161,"column":60}},"type":"if","locations":[{"start":{"line":161,"column":2},"end":{"line":161,"column":60}}]}},"s":{"0":1,"1":1,"2":0,"3":0,"4":0,"5":1,"6":0,"7":0,"8":0,"9":0,"10":0,"11":0,"12":0,"13":0,"14":0,"15":0,"16":0,"17":0,"18":0,"19":0,"20":0,"21":0,"22":1,"23":0,"24":0,"25":0,"26":0,"27":0,"28":0,"29":0,"30":0,"31":0,"32":0,"33":0,"34":0,"35":0,"36":0,"37":0,"38":0,"39":1,"40":1,"41":0,"42":1,"43":0,"44":0,"45":0,"46":1,"47":0,"48":0,"49":0,"50":0,"51":1,"52":0,"53":0,"54":0,"55":0,"56":1,"57":0,"58":0,"59":0,"60":0},"f":{"0":0,"1":0,"2":0,"3":0,"4":0,"5":1,"6":0,"7":0,"8":0},"b":{"0":[0],"1":[0,0,0],"2":[0],"3":[0,0,0],"4":[0],"5":[0,0],"6":[0],"7":[0,0],"8":[0],"9":[0],"10":[0,0,0],"11":[0],"12":[0,0,0],"13":[0],"14":[0,0],"15":[0],"16":[0,0],"17":[0],"18":[0],"19":[0],"20":[0],"21":[0],"22":[0]}}
,"/home/isra/vsCodeFiles/expressGSG/expressFinalProject/controllers/library.ts": {"path":"/home/isra/vsCodeFiles/expressGSG/expressFinalProject/controllers/library.ts","statementMap":{"0":{"start":{"line":11,"column":0},"end":{"line":11,"column":16}},"1":{"start":{"line":14,"column":22},"end":{"line":33,"column":1}},"2":{"start":{"line":20,"column":2},"end":{"line":32,"column":null}},"3":{"start":{"line":21,"column":16},"end":{"line":21,"column":29}},"4":{"start":{"line":22,"column":4},"end":{"line":22,"column":20}},"5":{"start":{"line":23,"column":4},"end":{"line":23,"column":20}},"6":{"start":{"line":24,"column":4},"end":{"line":24,"column":26}},"7":{"start":{"line":25,"column":4},"end":{"line":25,"column":20}},"8":{"start":{"line":26,"column":4},"end":{"line":26,"column":21}},"9":{"start":{"line":28,"column":4},"end":{"line":28,"column":15}},"10":{"start":{"line":30,"column":4},"end":{"line":30,"column":23}},"11":{"start":{"line":31,"column":4},"end":{"line":31,"column":33}},"12":{"start":{"line":35,"column":23},"end":{"line":39,"column":1}},"13":{"start":{"line":36,"column":20},"end":{"line":36,"column":66}},"14":{"start":{"line":37,"column":2},"end":{"line":37,"column":64}},"15":{"start":{"line":37,"column":52},"end":{"line":37,"column":64}},"16":{"start":{"line":38,"column":2},"end":{"line":38,"column":54}},"17":{"start":{"line":41,"column":23},"end":{"line":50,"column":1}},"18":{"start":{"line":42,"column":2},"end":{"line":42,"column":57}},"19":{"start":{"line":42,"column":33},"end":{"line":42,"column":57}},"20":{"start":{"line":43,"column":2},"end":{"line":43,"column":45}},"21":{"start":{"line":43,"column":14},"end":{"line":43,"column":45}},"22":{"start":{"line":44,"column":18},"end":{"line":44,"column":56}},"23":{"start":{"line":45,"column":2},"end":{"line":47,"column":null}},"24":{"start":{"line":46,"column":4},"end":{"line":46,"column":52}},"25":{"start":{"line":48,"column":2},"end":{"line":48,"column":31}},"26":{"start":{"line":49,"column":2},"end":{"line":49,"column":17}}},"fnMap":{"0":{"name":"(anonymous_0)","decl":{"start":{"line":14,"column":22},"end":{"line":14,"column":27}},"loc":{"start":{"line":19,"column":4},"end":{"line":33,"column":1}}},"1":{"name":"(anonymous_1)","decl":{"start":{"line":35,"column":23},"end":{"line":35,"column":28}},"loc":{"start":{"line":35,"column":58},"end":{"line":39,"column":1}}},"2":{"name":"(anonymous_2)","decl":{"start":{"line":41,"column":23},"end":{"line":41,"column":28}},"loc":{"start":{"line":41,"column":56},"end":{"line":50,"column":1}}}},"branchMap":{"0":{"loc":{"start":{"line":37,"column":2},"end":{"line":37,"column":64}},"type":"if","locations":[{"start":{"line":37,"column":2},"end":{"line":37,"column":64}}]},"1":{"loc":{"start":{"line":37,"column":6},"end":{"line":37,"column":50}},"type":"binary-expr","locations":[{"start":{"line":37,"column":6},"end":{"line":37,"column":15}},{"start":{"line":37,"column":19},"end":{"line":37,"column":50}}]},"2":{"loc":{"start":{"line":42,"column":2},"end":{"line":42,"column":57}},"type":"if","locations":[{"start":{"line":42,"column":2},"end":{"line":42,"column":57}}]},"3":{"loc":{"start":{"line":43,"column":2},"end":{"line":43,"column":45}},"type":"if","locations":[{"start":{"line":43,"column":2},"end":{"line":43,"column":45}}]},"4":{"loc":{"start":{"line":45,"column":2},"end":{"line":47,"column":null}},"type":"if","locations":[{"start":{"line":45,"column":2},"end":{"line":47,"column":null}}]}},"s":{"0":1,"1":1,"2":0,"3":0,"4":0,"5":0,"6":0,"7":0,"8":0,"9":0,"10":0,"11":0,"12":1,"13":0,"14":0,"15":0,"16":0,"17":1,"18":0,"19":0,"20":0,"21":0,"22":0,"23":0,"24":0,"25":0,"26":0},"f":{"0":0,"1":0,"2":0},"b":{"0":[0],"1":[0,0],"2":[0],"3":[0],"4":[0]}}
,"/home/isra/vsCodeFiles/expressGSG/expressFinalProject/controllers/paginate.ts": {"path":"/home/isra/vsCodeFiles/expressGSG/expressFinalProject/controllers/paginate.ts","statementMap":{"0":{"start":{"line":7,"column":17},"end":{"line":31,"column":1}},"1":{"start":{"line":8,"column":23},"end":{"line":8,"column":45}},"2":{"start":{"line":9,"column":27},"end":{"line":9,"column":53}},"3":{"start":{"line":10,"column":2},"end":{"line":12,"column":null}},"4":{"start":{"line":11,"column":4},"end":{"line":11,"column":52}},"5":{"start":{"line":13,"column":38},"end":{"line":14,"column":null}},"6":{"start":{"line":16,"column":24},"end":{"line":23,"column":4}},"7":{"start":{"line":25,"column":2},"end":{"line":30,"column":4}},"8":{"start":{"line":33,"column":21},"end":{"line":48,"column":1}},"9":{"start":{"line":34,"column":23},"end":{"line":34,"column":45}},"10":{"start":{"line":35,"column":27},"end":{"line":35,"column":53}},"11":{"start":{"line":37,"column":2},"end":{"line":39,"column":null}},"12":{"start":{"line":38,"column":4},"end":{"line":38,"column":52}},"13":{"start":{"line":40,"column":15},"end":{"line":40,"column":73}},"14":{"start":{"line":42,"column":2},"end":{"line":47,"column":4}}},"fnMap":{"0":{"name":"(anonymous_0)","decl":{"start":{"line":7,"column":17},"end":{"line":7,"column":22}},"loc":{"start":{"line":7,"column":43},"end":{"line":31,"column":1}}},"1":{"name":"(anonymous_1)","decl":{"start":{"line":33,"column":21},"end":{"line":33,"column":26}},"loc":{"start":{"line":33,"column":65},"end":{"line":48,"column":1}}}},"branchMap":{"0":{"loc":{"start":{"line":10,"column":2},"end":{"line":12,"column":null}},"type":"if","locations":[{"start":{"line":10,"column":2},"end":{"line":12,"column":null}}]},"1":{"loc":{"start":{"line":10,"column":6},"end":{"line":10,"column":42}},"type":"binary-expr","locations":[{"start":{"line":10,"column":6},"end":{"line":10,"column":18}},{"start":{"line":10,"column":22},"end":{"line":10,"column":42}}]},"2":{"loc":{"start":{"line":37,"column":2},"end":{"line":39,"column":null}},"type":"if","locations":[{"start":{"line":37,"column":2},"end":{"line":39,"column":null}}]},"3":{"loc":{"start":{"line":37,"column":6},"end":{"line":37,"column":42}},"type":"binary-expr","locations":[{"start":{"line":37,"column":6},"end":{"line":37,"column":18}},{"start":{"line":37,"column":22},"end":{"line":37,"column":42}}]}},"s":{"0":1,"1":1,"2":1,"3":1,"4":0,"5":1,"6":1,"7":0,"8":1,"9":0,"10":0,"11":0,"12":0,"13":0,"14":0},"f":{"0":1,"1":0},"b":{"0":[0],"1":[1,1],"2":[0],"3":[0,0]}}
,"/home/isra/vsCodeFiles/expressGSG/expressFinalProject/controllers/reviews.ts": {"path":"/home/isra/vsCodeFiles/expressGSG/expressFinalProject/controllers/reviews.ts","statementMap":{"0":{"start":{"line":4,"column":26},"end":{"line":18,"column":1}},"1":{"start":{"line":5,"column":2},"end":{"line":17,"column":null}},"2":{"start":{"line":6,"column":20},"end":{"line":12,"column":16}},"3":{"start":{"line":13,"column":4},"end":{"line":13,"column":19}},"4":{"start":{"line":15,"column":4},"end":{"line":15,"column":21}},"5":{"start":{"line":16,"column":4},"end":{"line":16,"column":56}}},"fnMap":{"0":{"name":"(anonymous_0)","decl":{"start":{"line":4,"column":26},"end":{"line":4,"column":31}},"loc":{"start":{"line":4,"column":51},"end":{"line":18,"column":1}}}},"branchMap":{},"s":{"0":1,"1":0,"2":0,"3":0,"4":0,"5":0},"f":{"0":0},"b":{}}
,"/home/isra/vsCodeFiles/expressGSG/expressFinalProject/controllers/role&permissions.ts": {"path":"/home/isra/vsCodeFiles/expressGSG/expressFinalProject/controllers/role&permissions.ts","statementMap":{"0":{"start":{"line":12,"column":0},"end":{"line":12,"column":16}},"1":{"start":{"line":14,"column":20},"end":{"line":22,"column":1}},"2":{"start":{"line":15,"column":2},"end":{"line":15,"column":60}},"3":{"start":{"line":15,"column":34},"end":{"line":15,"column":60}},"4":{"start":{"line":16,"column":2},"end":{"line":16,"column":43}},"5":{"start":{"line":16,"column":15},"end":{"line":16,"column":43}},"6":{"start":{"line":17,"column":15},"end":{"line":17,"column":51}},"7":{"start":{"line":18,"column":2},"end":{"line":20,"column":null}},"8":{"start":{"line":19,"column":4},"end":{"line":19,"column":49}},"9":{"start":{"line":21,"column":2},"end":{"line":21,"column":14}},"10":{"start":{"line":24,"column":22},"end":{"line":29,"column":1}},"11":{"start":{"line":25,"column":2},"end":{"line":25,"column":76}},"12":{"start":{"line":25,"column":51},"end":{"line":25,"column":76}},"13":{"start":{"line":26,"column":15},"end":{"line":26,"column":55}},"14":{"start":{"line":27,"column":2},"end":{"line":27,"column":24}},"15":{"start":{"line":27,"column":12},"end":{"line":27,"column":24}},"16":{"start":{"line":28,"column":2},"end":{"line":28,"column":43}},"17":{"start":{"line":31,"column":28},"end":{"line":37,"column":1}},"18":{"start":{"line":32,"column":2},"end":{"line":33,"column":36}},"19":{"start":{"line":33,"column":4},"end":{"line":33,"column":36}},"20":{"start":{"line":34,"column":21},"end":{"line":34,"column":67}},"21":{"start":{"line":35,"column":2},"end":{"line":35,"column":36}},"22":{"start":{"line":35,"column":18},"end":{"line":35,"column":36}},"23":{"start":{"line":36,"column":2},"end":{"line":36,"column":49}},"24":{"start":{"line":39,"column":26},"end":{"line":47,"column":1}},"25":{"start":{"line":40,"column":2},"end":{"line":40,"column":60}},"26":{"start":{"line":40,"column":34},"end":{"line":40,"column":60}},"27":{"start":{"line":41,"column":2},"end":{"line":41,"column":49}},"28":{"start":{"line":41,"column":15},"end":{"line":41,"column":49}},"29":{"start":{"line":42,"column":21},"end":{"line":42,"column":63}},"30":{"start":{"line":43,"column":2},"end":{"line":45,"column":null}},"31":{"start":{"line":44,"column":4},"end":{"line":44,"column":55}},"32":{"start":{"line":46,"column":2},"end":{"line":46,"column":20}}},"fnMap":{"0":{"name":"(anonymous_0)","decl":{"start":{"line":14,"column":20},"end":{"line":14,"column":25}},"loc":{"start":{"line":14,"column":54},"end":{"line":22,"column":1}}},"1":{"name":"(anonymous_1)","decl":{"start":{"line":24,"column":22},"end":{"line":24,"column":27}},"loc":{"start":{"line":24,"column":51},"end":{"line":29,"column":1}}},"2":{"name":"(anonymous_2)","decl":{"start":{"line":31,"column":28},"end":{"line":31,"column":33}},"loc":{"start":{"line":31,"column":63},"end":{"line":37,"column":1}}},"3":{"name":"(anonymous_3)","decl":{"start":{"line":39,"column":26},"end":{"line":39,"column":31}},"loc":{"start":{"line":39,"column":60},"end":{"line":47,"column":1}}}},"branchMap":{"0":{"loc":{"start":{"line":15,"column":2},"end":{"line":15,"column":60}},"type":"if","locations":[{"start":{"line":15,"column":2},"end":{"line":15,"column":60}}]},"1":{"loc":{"start":{"line":16,"column":2},"end":{"line":16,"column":43}},"type":"if","locations":[{"start":{"line":16,"column":2},"end":{"line":16,"column":43}}]},"2":{"loc":{"start":{"line":18,"column":2},"end":{"line":20,"column":null}},"type":"if","locations":[{"start":{"line":18,"column":2},"end":{"line":20,"column":null}}]},"3":{"loc":{"start":{"line":25,"column":2},"end":{"line":25,"column":76}},"type":"if","locations":[{"start":{"line":25,"column":2},"end":{"line":25,"column":76}}]},"4":{"loc":{"start":{"line":27,"column":2},"end":{"line":27,"column":24}},"type":"if","locations":[{"start":{"line":27,"column":2},"end":{"line":27,"column":24}}]},"5":{"loc":{"start":{"line":32,"column":2},"end":{"line":33,"column":36}},"type":"if","locations":[{"start":{"line":32,"column":2},"end":{"line":33,"column":36}}]},"6":{"loc":{"start":{"line":35,"column":2},"end":{"line":35,"column":36}},"type":"if","locations":[{"start":{"line":35,"column":2},"end":{"line":35,"column":36}}]},"7":{"loc":{"start":{"line":40,"column":2},"end":{"line":40,"column":60}},"type":"if","locations":[{"start":{"line":40,"column":2},"end":{"line":40,"column":60}}]},"8":{"loc":{"start":{"line":41,"column":2},"end":{"line":41,"column":49}},"type":"if","locations":[{"start":{"line":41,"column":2},"end":{"line":41,"column":49}}]},"9":{"loc":{"start":{"line":43,"column":2},"end":{"line":45,"column":null}},"type":"if","locations":[{"start":{"line":43,"column":2},"end":{"line":45,"column":null}}]}},"s":{"0":1,"1":1,"2":0,"3":0,"4":0,"5":0,"6":0,"7":0,"8":0,"9":0,"10":1,"11":0,"12":0,"13":0,"14":0,"15":0,"16":0,"17":1,"18":0,"19":0,"20":0,"21":0,"22":0,"23":0,"24":1,"25":0,"26":0,"27":0,"28":0,"29":0,"30":0,"31":0,"32":0},"f":{"0":0,"1":0,"2":0,"3":0},"b":{"0":[0],"1":[0],"2":[0],"3":[0],"4":[0],"5":[0],"6":[0],"7":[0],"8":[0],"9":[0]}}
,"/home/isra/vsCodeFiles/expressGSG/expressFinalProject/controllers/user.ts": {"path":"/home/isra/vsCodeFiles/expressGSG/expressFinalProject/controllers/user.ts","statementMap":{"0":{"start":{"line":10,"column":0},"end":{"line":10,"column":16}},"1":{"start":{"line":12,"column":14},"end":{"line":46,"column":1}},"2":{"start":{"line":13,"column":2},"end":{"line":13,"column":26}},"3":{"start":{"line":14,"column":2},"end":{"line":45,"column":null}},"4":{"start":{"line":15,"column":17},"end":{"line":17,"column":6}},"5":{"start":{"line":19,"column":29},"end":{"line":21,"column":null}},"6":{"start":{"line":24,"column":4},"end":{"line":42,"column":null}},"7":{"start":{"line":25,"column":6},"end":{"line":25,"column":57}},"8":{"start":{"line":26,"column":20},"end":{"line":36,"column":null}},"9":{"start":{"line":39,"column":6},"end":{"line":39,"column":61}},"10":{"start":{"line":41,"column":6},"end":{"line":41,"column":44}},"11":{"start":{"line":44,"column":4},"end":{"line":44,"column":42}},"12":{"start":{"line":49,"column":19},"end":{"line":81,"column":1}},"13":{"start":{"line":59,"column":2},"end":{"line":80,"column":null}},"14":{"start":{"line":60,"column":17},"end":{"line":60,"column":27}},"15":{"start":{"line":62,"column":4},"end":{"line":62,"column":29}},"16":{"start":{"line":63,"column":4},"end":{"line":63,"column":23}},"17":{"start":{"line":64,"column":4},"end":{"line":64,"column":29}},"18":{"start":{"line":65,"column":4},"end":{"line":65,"column":29}},"19":{"start":{"line":66,"column":4},"end":{"line":66,"column":27}},"20":{"start":{"line":67,"column":4},"end":{"line":67,"column":21}},"21":{"start":{"line":69,"column":4},"end":{"line":69,"column":22}},"22":{"start":{"line":75,"column":4},"end":{"line":75,"column":45}},"23":{"start":{"line":76,"column":4},"end":{"line":76,"column":16}},"24":{"start":{"line":78,"column":4},"end":{"line":78,"column":23}},"25":{"start":{"line":79,"column":4},"end":{"line":79,"column":54}},"26":{"start":{"line":82,"column":20},"end":{"line":88,"column":1}},"27":{"start":{"line":83,"column":2},"end":{"line":83,"column":59}},"28":{"start":{"line":83,"column":33},"end":{"line":83,"column":59}},"29":{"start":{"line":84,"column":2},"end":{"line":84,"column":57}},"30":{"start":{"line":84,"column":15},"end":{"line":84,"column":57}},"31":{"start":{"line":85,"column":15},"end":{"line":85,"column":51}},"32":{"start":{"line":86,"column":2},"end":{"line":86,"column":24}},"33":{"start":{"line":86,"column":12},"end":{"line":86,"column":24}},"34":{"start":{"line":87,"column":2},"end":{"line":87,"column":25}},"35":{"start":{"line":90,"column":22},"end":{"line":136,"column":1}},"36":{"start":{"line":95,"column":2},"end":{"line":135,"column":null}},"37":{"start":{"line":96,"column":17},"end":{"line":96,"column":57}},"38":{"start":{"line":97,"column":4},"end":{"line":99,"column":null}},"39":{"start":{"line":98,"column":6},"end":{"line":98,"column":24}},"40":{"start":{"line":100,"column":17},"end":{"line":103,"column":6}},"41":{"start":{"line":104,"column":4},"end":{"line":131,"column":null}},"42":{"start":{"line":105,"column":6},"end":{"line":105,"column":47}},"43":{"start":{"line":106,"column":6},"end":{"line":125,"column":null}},"44":{"start":{"line":108,"column":8},"end":{"line":117,"column":null}},"45":{"start":{"line":109,"column":10},"end":{"line":111,"column":null}},"46":{"start":{"line":110,"column":12},"end":{"line":110,"column":84}},"47":{"start":{"line":112,"column":26},"end":{"line":112,"column":57}},"48":{"start":{"line":113,"column":28},"end":{"line":113,"column":43}},"49":{"start":{"line":114,"column":10},"end":{"line":114,"column":38}},"50":{"start":{"line":115,"column":10},"end":{"line":115,"column":37}},"51":{"start":{"line":116,"column":10},"end":{"line":116,"column":33}},"52":{"start":{"line":118,"column":8},"end":{"line":118,"column":30}},"53":{"start":{"line":119,"column":8},"end":{"line":119,"column":26}},"54":{"start":{"line":120,"column":8},"end":{"line":120,"column":36}},"55":{"start":{"line":121,"column":8},"end":{"line":121,"column":20}},"56":{"start":{"line":123,"column":8},"end":{"line":123,"column":27}},"57":{"start":{"line":124,"column":8},"end":{"line":124,"column":37}},"58":{"start":{"line":129,"column":6},"end":{"line":129,"column":52}},"59":{"start":{"line":130,"column":6},"end":{"line":130,"column":35}},"60":{"start":{"line":133,"column":4},"end":{"line":133,"column":23}},"61":{"start":{"line":134,"column":4},"end":{"line":134,"column":33}},"62":{"start":{"line":138,"column":27},"end":{"line":179,"column":1}},"63":{"start":{"line":143,"column":2},"end":{"line":178,"column":null}},"64":{"start":{"line":144,"column":17},"end":{"line":144,"column":57}},"65":{"start":{"line":145,"column":4},"end":{"line":147,"column":null}},"66":{"start":{"line":146,"column":6},"end":{"line":146,"column":24}},"67":{"start":{"line":148,"column":17},"end":{"line":151,"column":6}},"68":{"start":{"line":152,"column":4},"end":{"line":175,"column":null}},"69":{"start":{"line":153,"column":6},"end":{"line":153,"column":47}},"70":{"start":{"line":154,"column":6},"end":{"line":172,"column":null}},"71":{"start":{"line":156,"column":8},"end":{"line":164,"column":null}},"72":{"start":{"line":165,"column":8},"end":{"line":165,"column":77}},"73":{"start":{"line":165,"column":53},"end":{"line":165,"column":75}},"74":{"start":{"line":166,"column":8},"end":{"line":166,"column":26}},"75":{"start":{"line":167,"column":8},"end":{"line":167,"column":51}},"76":{"start":{"line":168,"column":8},"end":{"line":168,"column":20}},"77":{"start":{"line":170,"column":8},"end":{"line":170,"column":27}},"78":{"start":{"line":171,"column":8},"end":{"line":171,"column":20}},"79":{"start":{"line":174,"column":6},"end":{"line":174,"column":44}},"80":{"start":{"line":177,"column":4},"end":{"line":177,"column":16}}},"fnMap":{"0":{"name":"(anonymous_0)","decl":{"start":{"line":12,"column":14},"end":{"line":12,"column":19}},"loc":{"start":{"line":12,"column":56},"end":{"line":46,"column":1}}},"1":{"name":"(anonymous_1)","decl":{"start":{"line":49,"column":19},"end":{"line":49,"column":24}},"loc":{"start":{"line":58,"column":4},"end":{"line":81,"column":1}}},"2":{"name":"(anonymous_2)","decl":{"start":{"line":82,"column":20},"end":{"line":82,"column":25}},"loc":{"start":{"line":82,"column":54},"end":{"line":88,"column":1}}},"3":{"name":"(anonymous_3)","decl":{"start":{"line":90,"column":22},"end":{"line":90,"column":27}},"loc":{"start":{"line":94,"column":4},"end":{"line":136,"column":1}}},"4":{"name":"(anonymous_4)","decl":{"start":{"line":138,"column":27},"end":{"line":138,"column":32}},"loc":{"start":{"line":142,"column":4},"end":{"line":179,"column":1}}},"5":{"name":"(anonymous_5)","decl":{"start":{"line":165,"column":39},"end":{"line":165,"column":40}},"loc":{"start":{"line":165,"column":53},"end":{"line":165,"column":75}}}},"branchMap":{"0":{"loc":{"start":{"line":21,"column":6},"end":{"line":21,"column":26}},"type":"binary-expr","locations":[{"start":{"line":21,"column":6},"end":{"line":21,"column":20}},{"start":{"line":21,"column":24},"end":{"line":21,"column":26}}]},"1":{"loc":{"start":{"line":21,"column":6},"end":{"line":21,"column":20}},"type":"cond-expr","locations":[{"start":{"line":21,"column":10},"end":{"line":21,"column":12}},{"start":{"line":21,"column":6},"end":{"line":21,"column":20}}]},"2":{"loc":{"start":{"line":21,"column":6},"end":{"line":21,"column":12}},"type":"binary-expr","locations":[{"start":{"line":21,"column":6},"end":{"line":21,"column":12}},{"start":{"line":21,"column":6},"end":{"line":21,"column":12}}]},"3":{"loc":{"start":{"line":24,"column":4},"end":{"line":42,"column":null}},"type":"if","locations":[{"start":{"line":24,"column":4},"end":{"line":42,"column":null}},{"start":{"line":40,"column":11},"end":{"line":42,"column":null}}]},"4":{"loc":{"start":{"line":24,"column":8},"end":{"line":24,"column":32}},"type":"binary-expr","locations":[{"start":{"line":24,"column":8},"end":{"line":24,"column":12}},{"start":{"line":24,"column":16},"end":{"line":24,"column":32}}]},"5":{"loc":{"start":{"line":32,"column":8},"end":{"line":32,"column":36}},"type":"binary-expr","locations":[{"start":{"line":32,"column":8},"end":{"line":32,"column":30}},{"start":{"line":32,"column":34},"end":{"line":32,"column":36}}]},"6":{"loc":{"start":{"line":83,"column":2},"end":{"line":83,"column":59}},"type":"if","locations":[{"start":{"line":83,"column":2},"end":{"line":83,"column":59}}]},"7":{"loc":{"start":{"line":84,"column":2},"end":{"line":84,"column":57}},"type":"if","locations":[{"start":{"line":84,"column":2},"end":{"line":84,"column":57}}]},"8":{"loc":{"start":{"line":86,"column":2},"end":{"line":86,"column":24}},"type":"if","locations":[{"start":{"line":86,"column":2},"end":{"line":86,"column":24}}]},"9":{"loc":{"start":{"line":97,"column":4},"end":{"line":99,"column":null}},"type":"if","locations":[{"start":{"line":97,"column":4},"end":{"line":99,"column":null}}]},"10":{"loc":{"start":{"line":104,"column":4},"end":{"line":131,"column":null}},"type":"if","locations":[{"start":{"line":104,"column":4},"end":{"line":131,"column":null}},{"start":{"line":127,"column":11},"end":{"line":131,"column":null}}]},"11":{"loc":{"start":{"line":104,"column":8},"end":{"line":104,"column":20}},"type":"binary-expr","locations":[{"start":{"line":104,"column":8},"end":{"line":104,"column":12}},{"start":{"line":104,"column":16},"end":{"line":104,"column":20}}]},"12":{"loc":{"start":{"line":108,"column":8},"end":{"line":117,"column":null}},"type":"if","locations":[{"start":{"line":108,"column":8},"end":{"line":117,"column":null}}]},"13":{"loc":{"start":{"line":109,"column":10},"end":{"line":111,"column":null}},"type":"if","locations":[{"start":{"line":109,"column":10},"end":{"line":111,"column":null}}]},"14":{"loc":{"start":{"line":145,"column":4},"end":{"line":147,"column":null}},"type":"if","locations":[{"start":{"line":145,"column":4},"end":{"line":147,"column":null}}]},"15":{"loc":{"start":{"line":152,"column":4},"end":{"line":175,"column":null}},"type":"if","locations":[{"start":{"line":152,"column":4},"end":{"line":175,"column":null}},{"start":{"line":173,"column":11},"end":{"line":175,"column":null}}]},"16":{"loc":{"start":{"line":152,"column":8},"end":{"line":152,"column":20}},"type":"binary-expr","locations":[{"start":{"line":152,"column":8},"end":{"line":152,"column":12}},{"start":{"line":152,"column":16},"end":{"line":152,"column":20}}]},"17":{"loc":{"start":{"line":156,"column":8},"end":{"line":164,"column":null}},"type":"if","locations":[{"start":{"line":156,"column":8},"end":{"line":164,"column":null}}]}},"s":{"0":1,"1":1,"2":0,"3":0,"4":0,"5":0,"6":0,"7":0,"8":0,"9":0,"10":0,"11":0,"12":1,"13":0,"14":0,"15":0,"16":0,"17":0,"18":0,"19":0,"20":0,"21":0,"22":0,"23":0,"24":0,"25":0,"26":1,"27":0,"28":0,"29":0,"30":0,"31":0,"32":0,"33":0,"34":0,"35":1,"36":0,"37":0,"38":0,"39":0,"40":0,"41":0,"42":0,"43":0,"44":0,"45":0,"46":0,"47":0,"48":0,"49":0,"50":0,"51":0,"52":0,"53":0,"54":0,"55":0,"56":0,"57":0,"58":0,"59":0,"60":0,"61":0,"62":1,"63":0,"64":0,"65":0,"66":0,"67":0,"68":0,"69":0,"70":0,"71":0,"72":0,"73":0,"74":0,"75":0,"76":0,"77":0,"78":0,"79":0,"80":0},"f":{"0":0,"1":0,"2":0,"3":0,"4":0,"5":0},"b":{"0":[0,0],"1":[0,0],"2":[0,0],"3":[0,0],"4":[0,0],"5":[0,0],"6":[0],"7":[0],"8":[0],"9":[0],"10":[0,0],"11":[0,0],"12":[0],"13":[0],"14":[0],"15":[0,0],"16":[0,0],"17":[0]}}
,"/home/isra/vsCodeFiles/expressGSG/expressFinalProject/db/index.ts": {"path":"/home/isra/vsCodeFiles/expressGSG/expressFinalProject/db/index.ts","statementMap":{"0":{"start":{"line":13,"column":0},"end":{"line":13,"column":16}},"1":{"start":{"line":15,"column":19},"end":{"line":36,"column":2}},"2":{"start":{"line":38,"column":26},"end":{"line":48,"column":6}},"3":{"start":{"line":39,"column":2},"end":{"line":48,"column":6}},"4":{"start":{"line":42,"column":6},"end":{"line":42,"column":38}},"5":{"start":{"line":43,"column":6},"end":{"line":43,"column":42}},"6":{"start":{"line":46,"column":6},"end":{"line":46,"column":55}},"7":{"start":{"line":47,"column":6},"end":{"line":47,"column":59}}},"fnMap":{"0":{"name":"(anonymous_0)","decl":{"start":{"line":38,"column":26},"end":{"line":38,"column":31}},"loc":{"start":{"line":39,"column":2},"end":{"line":48,"column":6}}},"1":{"name":"(anonymous_1)","decl":{"start":{"line":41,"column":10},"end":{"line":41,"column":13}},"loc":{"start":{"line":41,"column":15},"end":{"line":44,"column":5}}},"2":{"name":"(anonymous_2)","decl":{"start":{"line":45,"column":11},"end":{"line":45,"column":12}},"loc":{"start":{"line":45,"column":19},"end":{"line":48,"column":5}}}},"branchMap":{},"s":{"0":1,"1":1,"2":1,"3":2,"4":0,"5":0,"6":2,"7":2},"f":{"0":2,"1":0,"2":2},"b":{}}
,"/home/isra/vsCodeFiles/expressGSG/expressFinalProject/db/entities/Book.ts": {"path":"/home/isra/vsCodeFiles/expressGSG/expressFinalProject/db/entities/Book.ts","statementMap":{"0":{"start":{"line":24,"column":7},"end":{"line":65,"column":null}},"1":{"start":{"line":26,"column":2},"end":{"line":26,"column":null}},"2":{"start":{"line":29,"column":2},"end":{"line":29,"column":null}},"3":{"start":{"line":32,"column":2},"end":{"line":32,"column":null}},"4":{"start":{"line":35,"column":2},"end":{"line":35,"column":null}},"5":{"start":{"line":38,"column":2},"end":{"line":38,"column":null}},"6":{"start":{"line":41,"column":2},"end":{"line":41,"column":null}},"7":{"start":{"line":44,"column":2},"end":{"line":44,"column":null}},"8":{"start":{"line":47,"column":2},"end":{"line":47,"column":null}},"9":{"start":{"line":50,"column":2},"end":{"line":50,"column":null}},"10":{"start":{"line":49,"column":20},"end":{"line":49,"column":25}},"11":{"start":{"line":53,"column":2},"end":{"line":53,"column":null}},"12":{"start":{"line":52,"column":20},"end":{"line":52,"column":27}},"13":{"start":{"line":56,"column":2},"end":{"line":56,"column":null}},"14":{"start":{"line":55,"column":20},"end":{"line":55,"column":24}},"15":{"start":{"line":55,"column":36},"end":{"line":55,"column":52}},"16":{"start":{"line":59,"column":2},"end":{"line":59,"column":null}},"17":{"start":{"line":58,"column":20},"end":{"line":58,"column":24}},"18":{"start":{"line":58,"column":36},"end":{"line":58,"column":54}},"19":{"start":{"line":62,"column":2},"end":{"line":62,"column":null}},"20":{"start":{"line":61,"column":19},"end":{"line":61,"column":25}},"21":{"start":{"line":61,"column":39},"end":{"line":61,"column":50}},"22":{"start":{"line":64,"column":2},"end":{"line":64,"column":null}},"23":{"start":{"line":63,"column":19},"end":{"line":63,"column":23}},"24":{"start":{"line":63,"column":35},"end":{"line":63,"column":44}},"25":{"start":{"line":24,"column":13},"end":{"line":65,"column":null}}},"fnMap":{"0":{"name":"(anonymous_2)","decl":{"start":{"line":49,"column":14},"end":{"line":49,"column":17}},"loc":{"start":{"line":49,"column":20},"end":{"line":49,"column":25}}},"1":{"name":"(anonymous_3)","decl":{"start":{"line":52,"column":14},"end":{"line":52,"column":17}},"loc":{"start":{"line":52,"column":20},"end":{"line":52,"column":27}}},"2":{"name":"(anonymous_4)","decl":{"start":{"line":55,"column":14},"end":{"line":55,"column":17}},"loc":{"start":{"line":55,"column":20},"end":{"line":55,"column":24}}},"3":{"name":"(anonymous_5)","decl":{"start":{"line":55,"column":26},"end":{"line":55,"column":27}},"loc":{"start":{"line":55,"column":36},"end":{"line":55,"column":52}}},"4":{"name":"(anonymous_6)","decl":{"start":{"line":58,"column":14},"end":{"line":58,"column":17}},"loc":{"start":{"line":58,"column":20},"end":{"line":58,"column":24}}},"5":{"name":"(anonymous_7)","decl":{"start":{"line":58,"column":26},"end":{"line":58,"column":27}},"loc":{"start":{"line":58,"column":36},"end":{"line":58,"column":54}}},"6":{"name":"(anonymous_8)","decl":{"start":{"line":61,"column":13},"end":{"line":61,"column":16}},"loc":{"start":{"line":61,"column":19},"end":{"line":61,"column":25}}},"7":{"name":"(anonymous_9)","decl":{"start":{"line":61,"column":27},"end":{"line":61,"column":28}},"loc":{"start":{"line":61,"column":39},"end":{"line":61,"column":50}}},"8":{"name":"(anonymous_10)","decl":{"start":{"line":63,"column":13},"end":{"line":63,"column":16}},"loc":{"start":{"line":63,"column":19},"end":{"line":63,"column":23}}},"9":{"name":"(anonymous_11)","decl":{"start":{"line":63,"column":25},"end":{"line":63,"column":26}},"loc":{"start":{"line":63,"column":35},"end":{"line":63,"column":44}}}},"branchMap":{},"s":{"0":1,"1":1,"2":1,"3":1,"4":1,"5":1,"6":1,"7":1,"8":1,"9":1,"10":2,"11":1,"12":2,"13":1,"14":2,"15":2,"16":1,"17":2,"18":2,"19":1,"20":2,"21":2,"22":1,"23":2,"24":2,"25":1},"f":{"0":2,"1":2,"2":2,"3":2,"4":2,"5":2,"6":2,"7":2,"8":2,"9":2},"b":{}}
,"/home/isra/vsCodeFiles/expressGSG/expressFinalProject/db/entities/Copy.ts": {"path":"/home/isra/vsCodeFiles/expressGSG/expressFinalProject/db/entities/Copy.ts","statementMap":{"0":{"start":{"line":18,"column":0},"end":{"line":18,"column":null}},"1":{"start":{"line":19,"column":2},"end":{"line":19,"column":null}},"2":{"start":{"line":20,"column":2},"end":{"line":20,"column":null}},"3":{"start":{"line":21,"column":2},"end":{"line":21,"column":null}},"4":{"start":{"line":25,"column":7},"end":{"line":42,"column":null}},"5":{"start":{"line":27,"column":2},"end":{"line":27,"column":null}},"6":{"start":{"line":30,"column":2},"end":{"line":30,"column":null}},"7":{"start":{"line":28,"column":19},"end":{"line":28,"column":23}},"8":{"start":{"line":28,"column":35},"end":{"line":28,"column":46}},"9":{"start":{"line":34,"column":2},"end":{"line":34,"column":null}},"10":{"start":{"line":32,"column":19},"end":{"line":32,"column":26}},"11":{"start":{"line":32,"column":41},"end":{"line":32,"column":55}},"12":{"start":{"line":41,"column":2},"end":{"line":41,"column":null}},"13":{"start":{"line":25,"column":13},"end":{"line":42,"column":null}}},"fnMap":{"0":{"name":"(anonymous_2)","decl":{"start":{"line":18,"column":0},"end":{"line":18,"column":6}},"loc":{"start":{"line":18,"column":22},"end":{"line":22,"column":1}}},"1":{"name":"(anonymous_3)","decl":{"start":{"line":28,"column":13},"end":{"line":28,"column":16}},"loc":{"start":{"line":28,"column":19},"end":{"line":28,"column":23}}},"2":{"name":"(anonymous_4)","decl":{"start":{"line":28,"column":25},"end":{"line":28,"column":26}},"loc":{"start":{"line":28,"column":35},"end":{"line":28,"column":46}}},"3":{"name":"(anonymous_5)","decl":{"start":{"line":32,"column":13},"end":{"line":32,"column":16}},"loc":{"start":{"line":32,"column":19},"end":{"line":32,"column":26}}},"4":{"name":"(anonymous_6)","decl":{"start":{"line":32,"column":28},"end":{"line":32,"column":29}},"loc":{"start":{"line":32,"column":41},"end":{"line":32,"column":55}}}},"branchMap":{"0":{"loc":{"start":{"line":18,"column":12},"end":{"line":18,"column":null}},"type":"binary-expr","locations":[{"start":{"line":18,"column":12},"end":{"line":18,"column":22}},{"start":{"line":18,"column":12},"end":{"line":18,"column":null}}]}},"s":{"0":1,"1":1,"2":1,"3":1,"4":1,"5":1,"6":1,"7":2,"8":2,"9":1,"10":2,"11":2,"12":1,"13":1},"f":{"0":1,"1":2,"2":2,"3":2,"4":2},"b":{"0":[1,1]}}
,"/home/isra/vsCodeFiles/expressGSG/expressFinalProject/db/entities/Genre.ts": {"path":"/home/isra/vsCodeFiles/expressGSG/expressFinalProject/db/entities/Genre.ts","statementMap":{"0":{"start":{"line":17,"column":7},"end":{"line":29,"column":null}},"1":{"start":{"line":19,"column":2},"end":{"line":19,"column":null}},"2":{"start":{"line":24,"column":2},"end":{"line":24,"column":null}},"3":{"start":{"line":28,"column":2},"end":{"line":28,"column":null}},"4":{"start":{"line":26,"column":20},"end":{"line":26,"column":24}},"5":{"start":{"line":17,"column":13},"end":{"line":29,"column":null}}},"fnMap":{"0":{"name":"(anonymous_2)","decl":{"start":{"line":26,"column":14},"end":{"line":26,"column":17}},"loc":{"start":{"line":26,"column":20},"end":{"line":26,"column":24}}}},"branchMap":{},"s":{"0":1,"1":1,"2":1,"3":1,"4":2,"5":1},"f":{"0":2},"b":{}}
,"/home/isra/vsCodeFiles/expressGSG/expressFinalProject/db/entities/Librarian.ts": {"path":"/home/isra/vsCodeFiles/expressGSG/expressFinalProject/db/entities/Librarian.ts","statementMap":{"0":{"start":{"line":23,"column":7},"end":{"line":33,"column":null}},"1":{"start":{"line":25,"column":2},"end":{"line":25,"column":null}},"2":{"start":{"line":29,"column":2},"end":{"line":29,"column":null}},"3":{"start":{"line":27,"column":19},"end":{"line":27,"column":26}},"4":{"start":{"line":27,"column":41},"end":{"line":27,"column":59}},"5":{"start":{"line":32,"column":2},"end":{"line":32,"column":null}},"6":{"start":{"line":23,"column":13},"end":{"line":33,"column":null}}},"fnMap":{"0":{"name":"(anonymous_2)","decl":{"start":{"line":27,"column":13},"end":{"line":27,"column":16}},"loc":{"start":{"line":27,"column":19},"end":{"line":27,"column":26}}},"1":{"name":"(anonymous_3)","decl":{"start":{"line":27,"column":28},"end":{"line":27,"column":29}},"loc":{"start":{"line":27,"column":41},"end":{"line":27,"column":59}}}},"branchMap":{},"s":{"0":1,"1":1,"2":1,"3":2,"4":2,"5":1,"6":1},"f":{"0":2,"1":2},"b":{}}
,"/home/isra/vsCodeFiles/expressGSG/expressFinalProject/db/entities/Library.ts": {"path":"/home/isra/vsCodeFiles/expressGSG/expressFinalProject/db/entities/Library.ts","statementMap":{"0":{"start":{"line":18,"column":0},"end":{"line":18,"column":null}},"1":{"start":{"line":19,"column":2},"end":{"line":19,"column":null}},"2":{"start":{"line":20,"column":2},"end":{"line":20,"column":null}},"3":{"start":{"line":21,"column":2},"end":{"line":21,"column":null}},"4":{"start":{"line":22,"column":2},"end":{"line":22,"column":null}},"5":{"start":{"line":23,"column":2},"end":{"line":23,"column":null}},"6":{"start":{"line":27,"column":7},"end":{"line":60,"column":null}},"7":{"start":{"line":29,"column":2},"end":{"line":29,"column":null}},"8":{"start":{"line":34,"column":2},"end":{"line":34,"column":null}},"9":{"start":{"line":40,"column":2},"end":{"line":40,"column":null}},"10":{"start":{"line":47,"column":2},"end":{"line":47,"column":null}},"11":{"start":{"line":50,"column":2},"end":{"line":50,"column":null}},"12":{"start":{"line":53,"column":2},"end":{"line":53,"column":null}},"13":{"start":{"line":52,"column":20},"end":{"line":52,"column":24}},"14":{"start":{"line":56,"column":2},"end":{"line":56,"column":null}},"15":{"start":{"line":55,"column":19},"end":{"line":55,"column":23}},"16":{"start":{"line":55,"column":35},"end":{"line":55,"column":44}},"17":{"start":{"line":59,"column":2},"end":{"line":59,"column":null}},"18":{"start":{"line":58,"column":19},"end":{"line":58,"column":28}},"19":{"start":{"line":58,"column":45},"end":{"line":58,"column":62}},"20":{"start":{"line":27,"column":13},"end":{"line":60,"column":null}}},"fnMap":{"0":{"name":"(anonymous_2)","decl":{"start":{"line":18,"column":0},"end":{"line":18,"column":6}},"loc":{"start":{"line":18,"column":23},"end":{"line":24,"column":1}}},"1":{"name":"(anonymous_3)","decl":{"start":{"line":52,"column":14},"end":{"line":52,"column":17}},"loc":{"start":{"line":52,"column":20},"end":{"line":52,"column":24}}},"2":{"name":"(anonymous_4)","decl":{"start":{"line":55,"column":13},"end":{"line":55,"column":16}},"loc":{"start":{"line":55,"column":19},"end":{"line":55,"column":23}}},"3":{"name":"(anonymous_5)","decl":{"start":{"line":55,"column":25},"end":{"line":55,"column":26}},"loc":{"start":{"line":55,"column":35},"end":{"line":55,"column":44}}},"4":{"name":"(anonymous_6)","decl":{"start":{"line":58,"column":13},"end":{"line":58,"column":16}},"loc":{"start":{"line":58,"column":19},"end":{"line":58,"column":28}}},"5":{"name":"(anonymous_7)","decl":{"start":{"line":58,"column":30},"end":{"line":58,"column":31}},"loc":{"start":{"line":58,"column":45},"end":{"line":58,"column":62}}}},"branchMap":{"0":{"loc":{"start":{"line":18,"column":12},"end":{"line":18,"column":null}},"type":"binary-expr","locations":[{"start":{"line":18,"column":12},"end":{"line":18,"column":23}},{"start":{"line":18,"column":12},"end":{"line":18,"column":null}}]}},"s":{"0":1,"1":1,"2":1,"3":1,"4":1,"5":1,"6":1,"7":1,"8":1,"9":1,"10":1,"11":1,"12":1,"13":2,"14":1,"15":2,"16":2,"17":1,"18":2,"19":2,"20":1},"f":{"0":1,"1":2,"2":2,"3":2,"4":2,"5":2},"b":{"0":[1,1]}}
,"/home/isra/vsCodeFiles/expressGSG/expressFinalProject/db/entities/Permission.ts": {"path":"/home/isra/vsCodeFiles/expressGSG/expressFinalProject/db/entities/Permission.ts","statementMap":{"0":{"start":{"line":14,"column":0},"end":{"line":14,"column":null}},"1":{"start":{"line":15,"column":2},"end":{"line":15,"column":null}},"2":{"start":{"line":16,"column":2},"end":{"line":16,"column":null}},"3":{"start":{"line":18,"column":2},"end":{"line":18,"column":null}},"4":{"start":{"line":19,"column":2},"end":{"line":19,"column":null}},"5":{"start":{"line":23,"column":7},"end":{"line":36,"column":null}},"6":{"start":{"line":25,"column":2},"end":{"line":25,"column":null}},"7":{"start":{"line":32,"column":2},"end":{"line":32,"column":null}},"8":{"start":{"line":35,"column":2},"end":{"line":35,"column":null}},"9":{"start":{"line":34,"column":20},"end":{"line":34,"column":24}},"10":{"start":{"line":23,"column":13},"end":{"line":36,"column":null}}},"fnMap":{"0":{"name":"(anonymous_2)","decl":{"start":{"line":14,"column":0},"end":{"line":14,"column":6}},"loc":{"start":{"line":14,"column":26},"end":{"line":20,"column":1}}},"1":{"name":"(anonymous_3)","decl":{"start":{"line":34,"column":14},"end":{"line":34,"column":17}},"loc":{"start":{"line":34,"column":20},"end":{"line":34,"column":24}}}},"branchMap":{"0":{"loc":{"start":{"line":14,"column":12},"end":{"line":14,"column":null}},"type":"binary-expr","locations":[{"start":{"line":14,"column":12},"end":{"line":14,"column":26}},{"start":{"line":14,"column":12},"end":{"line":14,"column":null}}]}},"s":{"0":1,"1":1,"2":1,"3":1,"4":1,"5":1,"6":1,"7":1,"8":1,"9":2,"10":1},"f":{"0":1,"1":2},"b":{"0":[1,1]}}
,"/home/isra/vsCodeFiles/expressGSG/expressFinalProject/db/entities/Review.ts": {"path":"/home/isra/vsCodeFiles/expressGSG/expressFinalProject/db/entities/Review.ts","statementMap":{"0":{"start":{"line":21,"column":7},"end":{"line":49,"column":null}},"1":{"start":{"line":23,"column":2},"end":{"line":23,"column":null}},"2":{"start":{"line":26,"column":2},"end":{"line":26,"column":null}},"3":{"start":{"line":30,"column":2},"end":{"line":30,"column":null}},"4":{"start":{"line":28,"column":19},"end":{"line":28,"column":23}},"5":{"start":{"line":28,"column":35},"end":{"line":28,"column":47}},"6":{"start":{"line":34,"column":2},"end":{"line":34,"column":null}},"7":{"start":{"line":32,"column":19},"end":{"line":32,"column":23}},"8":{"start":{"line":32,"column":35},"end":{"line":32,"column":47}},"9":{"start":{"line":37,"column":2},"end":{"line":37,"column":null}},"10":{"start":{"line":45,"column":2},"end":{"line":45,"column":null}},"11":{"start":{"line":48,"column":2},"end":{"line":48,"column":null}},"12":{"start":{"line":21,"column":13},"end":{"line":49,"column":null}}},"fnMap":{"0":{"name":"(anonymous_2)","decl":{"start":{"line":28,"column":13},"end":{"line":28,"column":16}},"loc":{"start":{"line":28,"column":19},"end":{"line":28,"column":23}}},"1":{"name":"(anonymous_3)","decl":{"start":{"line":28,"column":25},"end":{"line":28,"column":26}},"loc":{"start":{"line":28,"column":35},"end":{"line":28,"column":47}}},"2":{"name":"(anonymous_4)","decl":{"start":{"line":32,"column":13},"end":{"line":32,"column":16}},"loc":{"start":{"line":32,"column":19},"end":{"line":32,"column":23}}},"3":{"name":"(anonymous_5)","decl":{"start":{"line":32,"column":25},"end":{"line":32,"column":26}},"loc":{"start":{"line":32,"column":35},"end":{"line":32,"column":47}}}},"branchMap":{},"s":{"0":1,"1":1,"2":1,"3":1,"4":2,"5":2,"6":1,"7":2,"8":2,"9":1,"10":1,"11":1,"12":1},"f":{"0":2,"1":2,"2":2,"3":2},"b":{}}
,"/home/isra/vsCodeFiles/expressGSG/expressFinalProject/db/entities/Role.ts": {"path":"/home/isra/vsCodeFiles/expressGSG/expressFinalProject/db/entities/Role.ts","statementMap":{"0":{"start":{"line":16,"column":0},"end":{"line":16,"column":null}},"1":{"start":{"line":17,"column":2},"end":{"line":17,"column":null}},"2":{"start":{"line":18,"column":2},"end":{"line":18,"column":null}},"3":{"start":{"line":19,"column":2},"end":{"line":19,"column":null}},"4":{"start":{"line":23,"column":7},"end":{"line":41,"column":null}},"5":{"start":{"line":25,"column":2},"end":{"line":25,"column":null}},"6":{"start":{"line":33,"column":2},"end":{"line":33,"column":null}},"7":{"start":{"line":36,"column":2},"end":{"line":36,"column":null}},"8":{"start":{"line":35,"column":20},"end":{"line":35,"column":24}},"9":{"start":{"line":40,"column":2},"end":{"line":40,"column":null}},"10":{"start":{"line":38,"column":20},"end":{"line":38,"column":30}},"11":{"start":{"line":23,"column":13},"end":{"line":41,"column":null}}},"fnMap":{"0":{"name":"(anonymous_2)","decl":{"start":{"line":16,"column":0},"end":{"line":16,"column":6}},"loc":{"start":{"line":16,"column":20},"end":{"line":20,"column":1}}},"1":{"name":"(anonymous_3)","decl":{"start":{"line":35,"column":14},"end":{"line":35,"column":17}},"loc":{"start":{"line":35,"column":20},"end":{"line":35,"column":24}}},"2":{"name":"(anonymous_4)","decl":{"start":{"line":38,"column":14},"end":{"line":38,"column":17}},"loc":{"start":{"line":38,"column":20},"end":{"line":38,"column":30}}}},"branchMap":{"0":{"loc":{"start":{"line":16,"column":12},"end":{"line":16,"column":null}},"type":"binary-expr","locations":[{"start":{"line":16,"column":12},"end":{"line":16,"column":20}},{"start":{"line":16,"column":12},"end":{"line":16,"column":null}}]}},"s":{"0":1,"1":1,"2":1,"3":1,"4":1,"5":1,"6":1,"7":1,"8":2,"9":1,"10":2,"11":1},"f":{"0":1,"1":2,"2":2},"b":{"0":[1,1]}}
,"/home/isra/vsCodeFiles/expressGSG/expressFinalProject/db/entities/User.ts": {"path":"/home/isra/vsCodeFiles/expressGSG/expressFinalProject/db/entities/User.ts","statementMap":{"0":{"start":{"line":22,"column":7},"end":{"line":92,"column":null}},"1":{"start":{"line":31,"column":4},"end":{"line":33,"column":null}},"2":{"start":{"line":32,"column":6},"end":{"line":32,"column":59}},"3":{"start":{"line":24,"column":2},"end":{"line":24,"column":null}},"4":{"start":{"line":27,"column":2},"end":{"line":27,"column":null}},"5":{"start":{"line":30,"column":8},"end":{"line":34,"column":null}},"6":{"start":{"line":36,"column":2},"end":{"line":36,"column":null}},"7":{"start":{"line":39,"column":2},"end":{"line":39,"column":null}},"8":{"start":{"line":42,"column":2},"end":{"line":42,"column":null}},"9":{"start":{"line":45,"column":2},"end":{"line":45,"column":null}},"10":{"start":{"line":48,"column":2},"end":{"line":48,"column":null}},"11":{"start":{"line":62,"column":2},"end":{"line":62,"column":null}},"12":{"start":{"line":50,"column":20},"end":{"line":50,"column":24}},"13":{"start":{"line":76,"column":2},"end":{"line":76,"column":null}},"14":{"start":{"line":64,"column":20},"end":{"line":64,"column":24}},"15":{"start":{"line":80,"column":2},"end":{"line":80,"column":null}},"16":{"start":{"line":78,"column":20},"end":{"line":78,"column":24}},"17":{"start":{"line":84,"column":2},"end":{"line":84,"column":null}},"18":{"start":{"line":82,"column":20},"end":{"line":82,"column":27}},"19":{"start":{"line":87,"column":2},"end":{"line":87,"column":null}},"20":{"start":{"line":86,"column":19},"end":{"line":86,"column":25}},"21":{"start":{"line":86,"column":39},"end":{"line":86,"column":50}},"22":{"start":{"line":91,"column":2},"end":{"line":91,"column":null}},"23":{"start":{"line":89,"column":20},"end":{"line":89,"column":24}},"24":{"start":{"line":89,"column":36},"end":{"line":89,"column":48}},"25":{"start":{"line":22,"column":13},"end":{"line":92,"column":null}}},"fnMap":{"0":{"name":"(anonymous_2)","decl":{"start":{"line":30,"column":2},"end":{"line":30,"column":7}},"loc":{"start":{"line":30,"column":20},"end":{"line":34,"column":3}}},"1":{"name":"(anonymous_3)","decl":{"start":{"line":50,"column":14},"end":{"line":50,"column":17}},"loc":{"start":{"line":50,"column":20},"end":{"line":50,"column":24}}},"2":{"name":"(anonymous_4)","decl":{"start":{"line":64,"column":14},"end":{"line":64,"column":17}},"loc":{"start":{"line":64,"column":20},"end":{"line":64,"column":24}}},"3":{"name":"(anonymous_5)","decl":{"start":{"line":78,"column":14},"end":{"line":78,"column":17}},"loc":{"start":{"line":78,"column":20},"end":{"line":78,"column":24}}},"4":{"name":"(anonymous_6)","decl":{"start":{"line":82,"column":14},"end":{"line":82,"column":17}},"loc":{"start":{"line":82,"column":20},"end":{"line":82,"column":27}}},"5":{"name":"(anonymous_7)","decl":{"start":{"line":86,"column":13},"end":{"line":86,"column":16}},"loc":{"start":{"line":86,"column":19},"end":{"line":86,"column":25}}},"6":{"name":"(anonymous_8)","decl":{"start":{"line":86,"column":27},"end":{"line":86,"column":28}},"loc":{"start":{"line":86,"column":39},"end":{"line":86,"column":50}}},"7":{"name":"(anonymous_9)","decl":{"start":{"line":89,"column":14},"end":{"line":89,"column":17}},"loc":{"start":{"line":89,"column":20},"end":{"line":89,"column":24}}},"8":{"name":"(anonymous_10)","decl":{"start":{"line":89,"column":26},"end":{"line":89,"column":27}},"loc":{"start":{"line":89,"column":36},"end":{"line":89,"column":48}}}},"branchMap":{"0":{"loc":{"start":{"line":31,"column":4},"end":{"line":33,"column":null}},"type":"if","locations":[{"start":{"line":31,"column":4},"end":{"line":33,"column":null}}]}},"s":{"0":1,"1":0,"2":0,"3":1,"4":1,"5":1,"6":1,"7":1,"8":1,"9":1,"10":1,"11":1,"12":2,"13":1,"14":2,"15":1,"16":2,"17":1,"18":2,"19":1,"20":2,"21":2,"22":1,"23":2,"24":2,"25":1},"f":{"0":0,"1":2,"2":2,"3":2,"4":2,"5":2,"6":2,"7":2,"8":2},"b":{"0":[0]}}
,"/home/isra/vsCodeFiles/expressGSG/expressFinalProject/middlewares/auth/authenticate.ts": {"path":"/home/isra/vsCodeFiles/expressGSG/expressFinalProject/middlewares/auth/authenticate.ts","statementMap":{"0":{"start":{"line":6,"column":0},"end":{"line":6,"column":16}},"1":{"start":{"line":8,"column":21},"end":{"line":47,"column":1}},"2":{"start":{"line":13,"column":2},"end":{"line":13,"column":33}},"3":{"start":{"line":16,"column":2},"end":{"line":34,"column":null}},"4":{"start":{"line":17,"column":4},"end":{"line":17,"column":65}},"5":{"start":{"line":22,"column":4},"end":{"line":22,"column":39}},"6":{"start":{"line":22,"column":16},"end":{"line":22,"column":39}},"7":{"start":{"line":24,"column":4},"end":{"line":24,"column":67}},"8":{"start":{"line":26,"column":4},"end":{"line":26,"column":25}},"9":{"start":{"line":27,"column":4},"end":{"line":27,"column":23}},"10":{"start":{"line":28,"column":4},"end":{"line":32,"column":8}},"11":{"start":{"line":33,"column":4},"end":{"line":33,"column":11}},"12":{"start":{"line":36,"column":2},"end":{"line":46,"column":null}},"13":{"start":{"line":37,"column":4},"end":{"line":37,"column":34}},"14":{"start":{"line":38,"column":20},"end":{"line":38,"column":53}},"15":{"start":{"line":39,"column":17},"end":{"line":39,"column":70}},"16":{"start":{"line":40,"column":4},"end":{"line":40,"column":65}},"17":{"start":{"line":40,"column":15},"end":{"line":40,"column":65}},"18":{"start":{"line":41,"column":4},"end":{"line":41,"column":27}},"19":{"start":{"line":42,"column":4},"end":{"line":42,"column":43}},"20":{"start":{"line":43,"column":4},"end":{"line":43,"column":11}},"21":{"start":{"line":45,"column":4},"end":{"line":45,"column":50}}},"fnMap":{"0":{"name":"(anonymous_0)","decl":{"start":{"line":8,"column":21},"end":{"line":8,"column":26}},"loc":{"start":{"line":12,"column":4},"end":{"line":47,"column":1}}}},"branchMap":{"0":{"loc":{"start":{"line":17,"column":12},"end":{"line":17,"column":64}},"type":"binary-expr","locations":[{"start":{"line":17,"column":12},"end":{"line":17,"column":40}},{"start":{"line":17,"column":44},"end":{"line":17,"column":64}}]},"1":{"loc":{"start":{"line":22,"column":4},"end":{"line":22,"column":39}},"type":"if","locations":[{"start":{"line":22,"column":4},"end":{"line":22,"column":39}}]},"2":{"loc":{"start":{"line":24,"column":37},"end":{"line":24,"column":65}},"type":"binary-expr","locations":[{"start":{"line":24,"column":37},"end":{"line":24,"column":59}},{"start":{"line":24,"column":63},"end":{"line":24,"column":65}}]},"3":{"loc":{"start":{"line":36,"column":2},"end":{"line":46,"column":null}},"type":"if","locations":[{"start":{"line":36,"column":2},"end":{"line":46,"column":null}},{"start":{"line":44,"column":9},"end":{"line":46,"column":null}}]},"4":{"loc":{"start":{"line":39,"column":47},"end":{"line":39,"column":67}},"type":"binary-expr","locations":[{"start":{"line":39,"column":47},"end":{"line":39,"column":61}},{"start":{"line":39,"column":65},"end":{"line":39,"column":67}}]},"5":{"loc":{"start":{"line":39,"column":47},"end":{"line":39,"column":61}},"type":"cond-expr","locations":[{"start":{"line":39,"column":54},"end":{"line":39,"column":56}},{"start":{"line":39,"column":47},"end":{"line":39,"column":61}}]},"6":{"loc":{"start":{"line":39,"column":47},"end":{"line":39,"column":56}},"type":"binary-expr","locations":[{"start":{"line":39,"column":47},"end":{"line":39,"column":56}},{"start":{"line":39,"column":47},"end":{"line":39,"column":56}}]},"7":{"loc":{"start":{"line":40,"column":4},"end":{"line":40,"column":65}},"type":"if","locations":[{"start":{"line":40,"column":4},"end":{"line":40,"column":65}}]},"8":{"loc":{"start":{"line":42,"column":27},"end":{"line":42,"column":42}},"type":"cond-expr","locations":[{"start":{"line":42,"column":31},"end":{"line":42,"column":33}},{"start":{"line":42,"column":27},"end":{"line":42,"column":42}}]},"9":{"loc":{"start":{"line":42,"column":27},"end":{"line":42,"column":33}},"type":"binary-expr","locations":[{"start":{"line":42,"column":27},"end":{"line":42,"column":33}},{"start":{"line":42,"column":27},"end":{"line":42,"column":33}}]}},"s":{"0":1,"1":1,"2":0,"3":0,"4":0,"5":0,"6":0,"7":0,"8":0,"9":0,"10":0,"11":0,"12":0,"13":0,"14":0,"15":0,"16":0,"17":0,"18":0,"19":0,"20":0,"21":0},"f":{"0":0},"b":{"0":[0,0],"1":[0],"2":[0,0],"3":[0,0],"4":[0,0],"5":[0,0],"6":[0,0],"7":[0],"8":[0,0],"9":[0,0]}}
,"/home/isra/vsCodeFiles/expressGSG/expressFinalProject/middlewares/auth/authorize.ts": {"path":"/home/isra/vsCodeFiles/expressGSG/expressFinalProject/middlewares/auth/authorize.ts","statementMap":{"0":{"start":{"line":8,"column":18},"end":{"line":45,"column":1}},"1":{"start":{"line":9,"column":2},"end":{"line":44,"column":4}},"2":{"start":{"line":14,"column":17},"end":{"line":14,"column":32}},"3":{"start":{"line":15,"column":4},"end":{"line":15,"column":55}},"4":{"start":{"line":15,"column":33},"end":{"line":15,"column":55}},"5":{"start":{"line":16,"column":18},"end":{"line":16,"column":28}},"6":{"start":{"line":17,"column":22},"end":{"line":17,"column":74}},"7":{"start":{"line":19,"column":4},"end":{"line":22,"column":null}},"8":{"start":{"line":20,"column":6},"end":{"line":20,"column":13}},"9":{"start":{"line":21,"column":6},"end":{"line":21,"column":13}},"10":{"start":{"line":29,"column":16},"end":{"line":29,"column":21}},"11":{"start":{"line":30,"column":4},"end":{"line":38,"column":7}},"12":{"start":{"line":31,"column":26},"end":{"line":31,"column":43}},"13":{"start":{"line":32,"column":6},"end":{"line":37,"column":null}},"14":{"start":{"line":32,"column":36},"end":{"line":32,"column":50}},"15":{"start":{"line":33,"column":8},"end":{"line":33,"column":42}},"16":{"start":{"line":34,"column":8},"end":{"line":34,"column":21}},"17":{"start":{"line":35,"column":8},"end":{"line":35,"column":15}},"18":{"start":{"line":36,"column":8},"end":{"line":36,"column":15}},"19":{"start":{"line":39,"column":4},"end":{"line":43,"column":null}},"20":{"start":{"line":40,"column":6},"end":{"line":42,"column":72}}},"fnMap":{"0":{"name":"(anonymous_0)","decl":{"start":{"line":8,"column":18},"end":{"line":8,"column":19}},"loc":{"start":{"line":8,"column":34},"end":{"line":45,"column":1}}},"1":{"name":"(anonymous_1)","decl":{"start":{"line":9,"column":9},"end":{"line":9,"column":14}},"loc":{"start":{"line":13,"column":6},"end":{"line":44,"column":3}}},"2":{"name":"(anonymous_2)","decl":{"start":{"line":30,"column":23},"end":{"line":30,"column":24}},"loc":{"start":{"line":30,"column":32},"end":{"line":38,"column":5}}},"3":{"name":"(anonymous_3)","decl":{"start":{"line":32,"column":29},"end":{"line":32,"column":30}},"loc":{"start":{"line":32,"column":36},"end":{"line":32,"column":50}}}},"branchMap":{"0":{"loc":{"start":{"line":15,"column":4},"end":{"line":15,"column":55}},"type":"if","locations":[{"start":{"line":15,"column":4},"end":{"line":15,"column":55}}]},"1":{"loc":{"start":{"line":19,"column":4},"end":{"line":22,"column":null}},"type":"if","locations":[{"start":{"line":19,"column":4},"end":{"line":22,"column":null}}]},"2":{"loc":{"start":{"line":19,"column":8},"end":{"line":19,"column":62}},"type":"binary-expr","locations":[{"start":{"line":19,"column":8},"end":{"line":19,"column":33}},{"start":{"line":19,"column":37},"end":{"line":19,"column":62}}]},"3":{"loc":{"start":{"line":32,"column":6},"end":{"line":37,"column":null}},"type":"if","locations":[{"start":{"line":32,"column":6},"end":{"line":37,"column":null}}]},"4":{"loc":{"start":{"line":39,"column":4},"end":{"line":43,"column":null}},"type":"if","locations":[{"start":{"line":39,"column":4},"end":{"line":43,"column":null}}]}},"s":{"0":1,"1":9,"2":0,"3":0,"4":0,"5":0,"6":0,"7":0,"8":0,"9":0,"10":0,"11":0,"12":0,"13":0,"14":0,"15":0,"16":0,"17":0,"18":0,"19":0,"20":0},"f":{"0":9,"1":0,"2":0,"3":0},"b":{"0":[0],"1":[0],"2":[0,0],"3":[0],"4":[0]}}
,"/home/isra/vsCodeFiles/expressGSG/expressFinalProject/middlewares/errorHandlers/genericHandler.ts": {"path":"/home/isra/vsCodeFiles/expressGSG/expressFinalProject/middlewares/errorHandlers/genericHandler.ts","statementMap":{"0":{"start":{"line":4,"column":20},"end":{"line":13,"column":1}},"1":{"start":{"line":10,"column":2},"end":{"line":10,"column":62}},"2":{"start":{"line":11,"column":2},"end":{"line":11,"column":43}},"3":{"start":{"line":12,"column":2},"end":{"line":12,"column":14}},"4":{"start":{"line":15,"column":20},"end":{"line":28,"column":1}},"5":{"start":{"line":21,"column":2},"end":{"line":27,"column":null}},"6":{"start":{"line":22,"column":4},"end":{"line":22,"column":49}},"7":{"start":{"line":23,"column":9},"end":{"line":27,"column":null}},"8":{"start":{"line":24,"column":4},"end":{"line":24,"column":49}},"9":{"start":{"line":26,"column":4},"end":{"line":26,"column":50}},"10":{"start":{"line":30,"column":24},"end":{"line":32,"column":1}},"11":{"start":{"line":31,"column":2},"end":{"line":31,"column":48}}},"fnMap":{"0":{"name":"(anonymous_0)","decl":{"start":{"line":4,"column":20},"end":{"line":4,"column":null}},"loc":{"start":{"line":9,"column":4},"end":{"line":13,"column":1}}},"1":{"name":"(anonymous_1)","decl":{"start":{"line":15,"column":20},"end":{"line":15,"column":null}},"loc":{"start":{"line":20,"column":4},"end":{"line":28,"column":1}}},"2":{"name":"(anonymous_2)","decl":{"start":{"line":30,"column":24},"end":{"line":30,"column":25}},"loc":{"start":{"line":30,"column":72},"end":{"line":32,"column":1}}}},"branchMap":{"0":{"loc":{"start":{"line":11,"column":19},"end":{"line":11,"column":41}},"type":"binary-expr","locations":[{"start":{"line":11,"column":19},"end":{"line":11,"column":32}},{"start":{"line":11,"column":36},"end":{"line":11,"column":41}}]},"1":{"loc":{"start":{"line":21,"column":2},"end":{"line":27,"column":null}},"type":"if","locations":[{"start":{"line":21,"column":2},"end":{"line":27,"column":null}},{"start":{"line":23,"column":9},"end":{"line":27,"column":null}}]},"2":{"loc":{"start":{"line":23,"column":9},"end":{"line":27,"column":null}},"type":"if","locations":[{"start":{"line":23,"column":9},"end":{"line":27,"column":null}},{"start":{"line":25,"column":9},"end":{"line":27,"column":null}}]},"3":{"loc":{"start":{"line":24,"column":25},"end":{"line":24,"column":47}},"type":"binary-expr","locations":[{"start":{"line":24,"column":25},"end":{"line":24,"column":38}},{"start":{"line":24,"column":42},"end":{"line":24,"column":47}}]}},"s":{"0":1,"1":0,"2":0,"3":0,"4":1,"5":0,"6":0,"7":0,"8":0,"9":0,"10":1,"11":0},"f":{"0":0,"1":0,"2":0},"b":{"0":[0,0],"1":[0,0],"2":[0,0],"3":[0,0]}}
,"/home/isra/vsCodeFiles/expressGSG/expressFinalProject/middlewares/validation/validLibrary.ts": {"path":"/home/isra/vsCodeFiles/expressGSG/expressFinalProject/middlewares/validation/validLibrary.ts","statementMap":{"0":{"start":{"line":5,"column":24},"end":{"line":29,"column":1}},"1":{"start":{"line":10,"column":17},"end":{"line":10,"column":52}},"2":{"start":{"line":11,"column":18},"end":{"line":11,"column":26}},"3":{"start":{"line":12,"column":20},"end":{"line":12,"column":22}},"4":{"start":{"line":14,"column":2},"end":{"line":18,"column":5}},"5":{"start":{"line":15,"column":4},"end":{"line":17,"column":null}},"6":{"start":{"line":16,"column":6},"end":{"line":16,"column":51}},"7":{"start":{"line":20,"column":2},"end":{"line":22,"column":null}},"8":{"start":{"line":21,"column":4},"end":{"line":21,"column":47}},"9":{"start":{"line":24,"column":2},"end":{"line":28,"column":null}},"10":{"start":{"line":25,"column":4},"end":{"line":25,"column":36}},"11":{"start":{"line":27,"column":4},"end":{"line":27,"column":11}}},"fnMap":{"0":{"name":"(anonymous_0)","decl":{"start":{"line":5,"column":24},"end":{"line":5,"column":null}},"loc":{"start":{"line":9,"column":4},"end":{"line":29,"column":1}}},"1":{"name":"(anonymous_1)","decl":{"start":{"line":14,"column":17},"end":{"line":14,"column":18}},"loc":{"start":{"line":14,"column":25},"end":{"line":18,"column":3}}}},"branchMap":{"0":{"loc":{"start":{"line":15,"column":4},"end":{"line":17,"column":null}},"type":"if","locations":[{"start":{"line":15,"column":4},"end":{"line":17,"column":null}}]},"1":{"loc":{"start":{"line":20,"column":2},"end":{"line":22,"column":null}},"type":"if","locations":[{"start":{"line":20,"column":2},"end":{"line":22,"column":null}}]},"2":{"loc":{"start":{"line":20,"column":6},"end":{"line":20,"column":73}},"type":"binary-expr","locations":[{"start":{"line":20,"column":6},"end":{"line":20,"column":21}},{"start":{"line":20,"column":25},"end":{"line":20,"column":73}}]},"3":{"loc":{"start":{"line":24,"column":2},"end":{"line":28,"column":null}},"type":"if","locations":[{"start":{"line":24,"column":2},"end":{"line":28,"column":null}},{"start":{"line":26,"column":9},"end":{"line":28,"column":null}}]}},"s":{"0":1,"1":0,"2":0,"3":0,"4":0,"5":0,"6":0,"7":0,"8":0,"9":0,"10":0,"11":0},"f":{"0":0,"1":0},"b":{"0":[0],"1":[0],"2":[0,0],"3":[0,0]}}
,"/home/isra/vsCodeFiles/expressGSG/expressFinalProject/middlewares/validation/validUser.ts": {"path":"/home/isra/vsCodeFiles/expressGSG/expressFinalProject/middlewares/validation/validUser.ts","statementMap":{"0":{"start":{"line":4,"column":21},"end":{"line":37,"column":1}},"1":{"start":{"line":10,"column":17},"end":{"line":10,"column":76}},"2":{"start":{"line":11,"column":15},"end":{"line":11,"column":23}},"3":{"start":{"line":12,"column":20},"end":{"line":12,"column":22}},"4":{"start":{"line":14,"column":2},"end":{"line":18,"column":5}},"5":{"start":{"line":15,"column":4},"end":{"line":17,"column":null}},"6":{"start":{"line":16,"column":6},"end":{"line":16,"column":51}},"7":{"start":{"line":20,"column":2},"end":{"line":22,"column":null}},"8":{"start":{"line":21,"column":4},"end":{"line":21,"column":41}},"9":{"start":{"line":24,"column":2},"end":{"line":26,"column":null}},"10":{"start":{"line":25,"column":4},"end":{"line":25,"column":69}},"11":{"start":{"line":32,"column":2},"end":{"line":36,"column":null}},"12":{"start":{"line":33,"column":4},"end":{"line":33,"column":36}},"13":{"start":{"line":35,"column":4},"end":{"line":35,"column":11}}},"fnMap":{"0":{"name":"(anonymous_0)","decl":{"start":{"line":4,"column":21},"end":{"line":4,"column":null}},"loc":{"start":{"line":8,"column":4},"end":{"line":37,"column":1}}},"1":{"name":"(anonymous_1)","decl":{"start":{"line":14,"column":17},"end":{"line":14,"column":18}},"loc":{"start":{"line":14,"column":25},"end":{"line":18,"column":3}}}},"branchMap":{"0":{"loc":{"start":{"line":15,"column":4},"end":{"line":17,"column":null}},"type":"if","locations":[{"start":{"line":15,"column":4},"end":{"line":17,"column":null}}]},"1":{"loc":{"start":{"line":20,"column":2},"end":{"line":22,"column":null}},"type":"if","locations":[{"start":{"line":20,"column":2},"end":{"line":22,"column":null}}]},"2":{"loc":{"start":{"line":24,"column":2},"end":{"line":26,"column":null}},"type":"if","locations":[{"start":{"line":24,"column":2},"end":{"line":26,"column":null}}]},"3":{"loc":{"start":{"line":32,"column":2},"end":{"line":36,"column":null}},"type":"if","locations":[{"start":{"line":32,"column":2},"end":{"line":36,"column":null}},{"start":{"line":34,"column":9},"end":{"line":36,"column":null}}]}},"s":{"0":1,"1":0,"2":0,"3":0,"4":0,"5":0,"6":0,"7":0,"8":0,"9":0,"10":0,"11":0,"12":0,"13":0},"f":{"0":0,"1":0},"b":{"0":[0],"1":[0],"2":[0],"3":[0,0]}}
,"/home/isra/vsCodeFiles/expressGSG/expressFinalProject/routes/books.ts": {"path":"/home/isra/vsCodeFiles/expressGSG/expressFinalProject/routes/books.ts","statementMap":{"0":{"start":{"line":3,"column":15},"end":{"line":3,"column":31}},"1":{"start":{"line":4,"column":18},"end":{"line":4,"column":24}},"2":{"start":{"line":20,"column":18},"end":{"line":27,"column":1}},"3":{"start":{"line":21,"column":15},"end":{"line":21,"column":25}},"4":{"start":{"line":23,"column":2},"end":{"line":25,"column":null}},"5":{"start":{"line":24,"column":4},"end":{"line":24,"column":17}},"6":{"start":{"line":26,"column":2},"end":{"line":26,"column":14}},"7":{"start":{"line":30,"column":0},"end":{"line":58,"column":2}},"8":{"start":{"line":35,"column":4},"end":{"line":56,"column":null}},"9":{"start":{"line":36,"column":42},"end":{"line":36,"column":50}},"10":{"start":{"line":37,"column":22},"end":{"line":37,"column":48}},"11":{"start":{"line":38,"column":6},"end":{"line":42,"column":null}},"12":{"start":{"line":39,"column":8},"end":{"line":41,"column":10}},"13":{"start":{"line":43,"column":19},"end":{"line":43,"column":29}},"14":{"start":{"line":44,"column":6},"end":{"line":44,"column":25}},"15":{"start":{"line":45,"column":6},"end":{"line":45,"column":31}},"16":{"start":{"line":46,"column":6},"end":{"line":46,"column":27}},"17":{"start":{"line":47,"column":6},"end":{"line":47,"column":29}},"18":{"start":{"line":49,"column":6},"end":{"line":49,"column":24}},"19":{"start":{"line":52,"column":6},"end":{"line":52,"column":52}},"20":{"start":{"line":54,"column":6},"end":{"line":54,"column":23}},"21":{"start":{"line":55,"column":6},"end":{"line":55,"column":46}},"22":{"start":{"line":61,"column":0},"end":{"line":79,"column":3}},"23":{"start":{"line":64,"column":40},"end":{"line":64,"column":49}},"24":{"start":{"line":65,"column":18},"end":{"line":69,"column":4}},"25":{"start":{"line":71,"column":2},"end":{"line":78,"column":7}},"26":{"start":{"line":73,"column":6},"end":{"line":73,"column":21}},"27":{"start":{"line":76,"column":6},"end":{"line":76,"column":27}},"28":{"start":{"line":77,"column":6},"end":{"line":77,"column":51}},"29":{"start":{"line":82,"column":0},"end":{"line":96,"column":3}},"30":{"start":{"line":83,"column":2},"end":{"line":95,"column":null}},"31":{"start":{"line":84,"column":21},"end":{"line":84,"column":49}},"32":{"start":{"line":85,"column":18},"end":{"line":85,"column":43}},"33":{"start":{"line":86,"column":19},"end":{"line":86,"column":45}},"34":{"start":{"line":87,"column":18},"end":{"line":87,"column":42}},"35":{"start":{"line":88,"column":16},"end":{"line":88,"column":68}},"36":{"start":{"line":90,"column":4},"end":{"line":91,"column":25}},"37":{"start":{"line":90,"column":23},"end":{"line":90,"column":64}},"38":{"start":{"line":91,"column":9},"end":{"line":91,"column":25}},"39":{"start":{"line":93,"column":4},"end":{"line":93,"column":21}},"40":{"start":{"line":94,"column":4},"end":{"line":94,"column":47}},"41":{"start":{"line":99,"column":0},"end":{"line":110,"column":3}},"42":{"start":{"line":100,"column":17},"end":{"line":100,"column":38}},"43":{"start":{"line":101,"column":2},"end":{"line":109,"column":7}},"44":{"start":{"line":103,"column":6},"end":{"line":103,"column":32}},"45":{"start":{"line":104,"column":6},"end":{"line":104,"column":21}},"46":{"start":{"line":107,"column":6},"end":{"line":107,"column":23}},"47":{"start":{"line":108,"column":6},"end":{"line":108,"column":52}},"48":{"start":{"line":115,"column":0},"end":{"line":136,"column":3}},"49":{"start":{"line":116,"column":2},"end":{"line":135,"column":null}},"50":{"start":{"line":117,"column":17},"end":{"line":117,"column":32}},"51":{"start":{"line":119,"column":4},"end":{"line":119,"column":74}},"52":{"start":{"line":119,"column":33},"end":{"line":119,"column":74}},"53":{"start":{"line":120,"column":17},"end":{"line":120,"column":47}},"54":{"start":{"line":121,"column":29},"end":{"line":124,"column":6}},"55":{"start":{"line":125,"column":4},"end":{"line":128,"column":null}},"56":{"start":{"line":126,"column":6},"end":{"line":126,"column":53}},"57":{"start":{"line":127,"column":6},"end":{"line":127,"column":13}},"58":{"start":{"line":129,"column":4},"end":{"line":129,"column":44}},"59":{"start":{"line":130,"column":4},"end":{"line":130,"column":34}},"60":{"start":{"line":131,"column":4},"end":{"line":131,"column":53}},"61":{"start":{"line":133,"column":4},"end":{"line":133,"column":21}},"62":{"start":{"line":134,"column":4},"end":{"line":134,"column":60}},"63":{"start":{"line":137,"column":0},"e
[...]
t":{"line":395,"column":10},"end":{"line":412,"column":13}},"185":{"start":{"line":396,"column":12},"end":{"line":405,"column":null}},"186":{"start":{"line":397,"column":14},"end":{"line":397,"column":60}},"187":{"start":{"line":398,"column":24},"end":{"line":403,"column":16}},"188":{"start":{"line":404,"column":14},"end":{"line":404,"column":33}},"189":{"start":{"line":406,"column":12},"end":{"line":411,"column":null}},"190":{"start":{"line":407,"column":14},"end":{"line":410,"column":40}},"191":{"start":{"line":408,"column":16},"end":{"line":408,"column":38}},"192":{"start":{"line":409,"column":16},"end":{"line":409,"column":72}},"193":{"start":{"line":410,"column":21},"end":{"line":410,"column":40}},"194":{"start":{"line":415,"column":10},"end":{"line":415,"column":27}},"195":{"start":{"line":416,"column":10},"end":{"line":416,"column":49}},"196":{"start":{"line":420,"column":4},"end":{"line":420,"column":23}},"197":{"start":{"line":421,"column":4},"end":{"line":421,"column":52}}},"fnMap":{"0":{"name":"(anonymous_0)","decl":{"start":{"line":25,"column":31},"end":{"line":25,"column":36}},"loc":{"start":{"line":25,"column":50},"end":{"line":41,"column":1}}},"1":{"name":"(anonymous_1)","decl":{"start":{"line":43,"column":16},"end":{"line":43,"column":21}},"loc":{"start":{"line":43,"column":35},"end":{"line":79,"column":1}}},"2":{"name":"(anonymous_2)","decl":{"start":{"line":72,"column":10},"end":{"line":72,"column":11}},"loc":{"start":{"line":72,"column":19},"end":{"line":74,"column":5}}},"3":{"name":"(anonymous_3)","decl":{"start":{"line":75,"column":11},"end":{"line":75,"column":12}},"loc":{"start":{"line":75,"column":19},"end":{"line":78,"column":5}}},"4":{"name":"(anonymous_4)","decl":{"start":{"line":81,"column":22},"end":{"line":81,"column":23}},"loc":{"start":{"line":81,"column":35},"end":{"line":97,"column":1}}},"5":{"name":"(anonymous_5)","decl":{"start":{"line":86,"column":10},"end":{"line":86,"column":11}},"loc":{"start":{"line":86,"column":19},"end":{"line":92,"column":5}}},"6":{"name":"(anonymous_6)","decl":{"start":{"line":93,"column":11},"end":{"line":93,"column":12}},"loc":{"start":{"line":93,"column":19},"end":{"line":96,"column":5}}},"7":{"name":"(anonymous_7)","decl":{"start":{"line":99,"column":36},"end":{"line":99,"column":37}},"loc":{"start":{"line":99,"column":49},"end":{"line":104,"column":1}}},"8":{"name":"(anonymous_8)","decl":{"start":{"line":106,"column":26},"end":{"line":106,"column":31}},"loc":{"start":{"line":106,"column":45},"end":{"line":122,"column":1}}},"9":{"name":"(anonymous_9)","decl":{"start":{"line":115,"column":10},"end":{"line":115,"column":11}},"loc":{"start":{"line":115,"column":19},"end":{"line":117,"column":5}}},"10":{"name":"(anonymous_10)","decl":{"start":{"line":118,"column":11},"end":{"line":118,"column":12}},"loc":{"start":{"line":118,"column":19},"end":{"line":121,"column":5}}},"11":{"name":"(anonymous_11)","decl":{"start":{"line":124,"column":34},"end":{"line":124,"column":35}},"loc":{"start":{"line":124,"column":47},"end":{"line":142,"column":1}}},"12":{"name":"(anonymous_12)","decl":{"start":{"line":145,"column":45},"end":{"line":145,"column":50}},"loc":{"start":{"line":145,"column":64},"end":{"line":194,"column":1}}},"13":{"name":"(anonymous_13)","decl":{"start":{"line":168,"column":22},"end":{"line":168,"column":23}},"loc":{"start":{"line":168,"column":34},"end":{"line":185,"column":5}}},"14":{"name":"(anonymous_14)","decl":{"start":{"line":169,"column":29},"end":{"line":169,"column":30}},"loc":{"start":{"line":169,"column":38},"end":{"line":184,"column":7}}},"15":{"name":"(anonymous_15)","decl":{"start":{"line":171,"column":30},"end":{"line":171,"column":31}},"loc":{"start":{"line":171,"column":39},"end":{"line":182,"column":11}}},"16":{"name":"(anonymous_16)","decl":{"start":{"line":196,"column":38},"end":{"line":196,"column":43}},"loc":{"start":{"line":196,"column":57},"end":{"line":240,"column":1}}},"17":{"name":"(anonymous_17)","decl":{"start":{"line":242,"column":40},"end":{"line":242,"column":45}},"loc":{"start":{"line":242,"column":59},"end":{"line":290,"column":1}}},"18":{"name":"(anonymous_18)","decl":{"start":{"line":274,"column":8},"end":{"line":274,"column":9}},"loc":{"start":{"line":274,"column":18},"end":{"line":274,"column":39}}},"19":{"name":"(anonymous_19)","decl":{"start":{"line":280,"column":8},"end":{"line":280,"column":9}},"loc":{"start":{"line":280,"column":18},"end":{"line":280,"column":43}}},"20":{"name":"(anonymous_20)","decl":{"start":{"line":296,"column":37},"end":{"line":296,"column":42}},"loc":{"start":{"line":296,"column":56},"end":{"line":318,"column":1}}},"21":{"name":"(anonymous_21)","decl":{"start":{"line":320,"column":38},"end":{"line":320,"column":43}},"loc":{"start":{"line":320,"column":57},"end":{"line":363,"column":1}}},"22":{"name":"(anonymous_22)","decl":{"start":{"line":339,"column":23},"end":{"line":339,"column":24}},"loc":{"start":{"line":339,"column":38},"end":{"line":355,"column":5}}},"23":{"name":"(anonymous_23)","decl":{"start":{"line":341,"column":30},"end":{"line":341,"column":31}},"loc":{"start":{"line":341,"column":41},"end":{"line":354,"column":7}}},"24":{"name":"(anonymous_24)","decl":{"start":{"line":343,"column":39},"end":{"line":343,"column":40}},"loc":{"start":{"line":343,"column":48},"end":{"line":352,"column":11}}},"25":{"name":"(anonymous_25)","decl":{"start":{"line":368,"column":41},"end":{"line":368,"column":46}},"loc":{"start":{"line":368,"column":60},"end":{"line":423,"column":1}}},"26":{"name":"(anonymous_26)","decl":{"start":{"line":378,"column":32},"end":{"line":378,"column":33}},"loc":{"start":{"line":378,"column":41},"end":{"line":378,"column":70}}},"27":{"name":"(anonymous_27)","decl":{"start":{"line":393,"column":14},"end":{"line":393,"column":15}},"loc":{"start":{"line":393,"column":26},"end":{"line":413,"column":9}}},"28":{"name":"(anonymous_28)","decl":{"start":{"line":395,"column":26},"end":{"line":395,"column":27}},"loc":{"start":{"line":395,"column":37},"end":{"line":412,"column":11}}},"29":{"name":"(anonymous_29)","decl":{"start":{"line":414,"column":15},"end":{"line":414,"column":16}},"loc":{"start":{"line":414,"column":23},"end":{"line":417,"column":9}}}},"branchMap":{"0":{"loc":{"start":{"line":66,"column":10},"end":{"line":66,"column":43}},"type":"binary-expr","locations":[{"start":{"line":66,"column":10},"end":{"line":66,"column":36}},{"start":{"line":66,"column":40},"end":{"line":66,"column":43}}]},"1":{"loc":{"start":{"line":66,"column":10},"end":{"line":66,"column":36}},"type":"cond-expr","locations":[{"start":{"line":66,"column":24},"end":{"line":66,"column":26}},{"start":{"line":66,"column":24},"end":{"line":66,"column":36}}]},"2":{"loc":{"start":{"line":66,"column":10},"end":{"line":66,"column":26}},"type":"binary-expr","locations":[{"start":{"line":66,"column":10},"end":{"line":66,"column":26}},{"start":{"line":66,"column":24},"end":{"line":66,"column":26}}]},"3":{"loc":{"start":{"line":67,"column":14},"end":{"line":67,"column":52}},"type":"binary-expr","locations":[{"start":{"line":67,"column":14},"end":{"line":67,"column":44}},{"start":{"line":67,"column":48},"end":{"line":67,"column":52}}]},"4":{"loc":{"start":{"line":67,"column":14},"end":{"line":67,"column":44}},"type":"cond-expr","locations":[{"start":{"line":67,"column":32},"end":{"line":67,"column":34}},{"start":{"line":67,"column":32},"end":{"line":67,"column":44}}]},"5":{"loc":{"start":{"line":67,"column":14},"end":{"line":67,"column":34}},"type":"binary-expr","locations":[{"start":{"line":67,"column":14},"end":{"line":67,"column":34}},{"start":{"line":67,"column":32},"end":{"line":67,"column":34}}]},"6":{"loc":{"start":{"line":109,"column":10},"end":{"line":109,"column":43}},"type":"binary-expr","locations":[{"start":{"line":109,"column":10},"end":{"line":109,"column":36}},{"start":{"line":109,"column":40},"end":{"line":109,"column":43}}]},"7":{"loc":{"start":{"line":109,"column":10},"end":{"line":109,"column":36}},"type":"cond-expr","locations":[{"start":{"line":109,"column":24},"end":{"line":109,"column":26}},{"start":{"line":109,"column":24},"end":{"line":109,"column":36}}]},"8":{"loc":{"start":{"line":109,"column":10},"end":{"line":109,"column":26}},"type":"binary-expr","locations":[{"start":{"line":109,"column":10},"end":{"line":109,"column":26}},{"start":{"line":109,"column":24},"end":{"line":109,"column":26}}]},"9":{"loc":{"start":{"line":110,"column":14},"end":{"line":110,"column":52}},"type":"binary-expr","locations":[{"start":{"line":110,"column":14},"end":{"line":110,"column":44}},{"start":{"line":110,"column":48},"end":{"line":110,"column":52}}]},"10":{"loc":{"start":{"line":110,"column":14},"end":{"line":110,"column":44}},"type":"cond-expr","locations":[{"start":{"line":110,"column":32},"end":{"line":110,"column":34}},{"start":{"line":110,"column":32},"end":{"line":110,"column":44}}]},"11":{"loc":{"start":{"line":110,"column":14},"end":{"line":110,"column":34}},"type":"binary-expr","locations":[{"start":{"line":110,"column":14},"end":{"line":110,"column":34}},{"start":{"line":110,"column":32},"end":{"line":110,"column":34}}]},"12":{"loc":{"start":{"line":149,"column":4},"end":{"line":152,"column":null}},"type":"if","locations":[{"start":{"line":149,"column":4},"end":{"line":152,"column":null}}]},"13":{"loc":{"start":{"line":157,"column":24},"end":{"line":162,"column":18}},"type":"cond-expr","locations":[{"start":{"line":162,"column":5},"end":{"line":162,"column":7}},{"start":{"line":162,"column":5},"end":{"line":162,"column":18}}]},"14":{"loc":{"start":{"line":157,"column":24},"end":{"line":162,"column":7}},"type":"binary-expr","locations":[{"start":{"line":157,"column":24},"end":{"line":162,"column":7}},{"start":{"line":162,"column":5},"end":{"line":162,"column":7}}]},"15":{"loc":{"start":{"line":163,"column":4},"end":{"line":166,"column":null}},"type":"if","locations":[{"start":{"line":163,"column":4},"end":{"line":166,"column":null}}]},"16":{"loc":{"start":{"line":170,"column":8},"end":{"line":183,"column":null}},"type":"if","locations":[{"start":{"line":170,"column":8},"end":{"line":183,"column":null}}]},"17":{"loc":{"start":{"line":172,"column":12},"end":{"line":181,"column":null}},"type":"if","locations":[{"start":{"line":172,"column":12},"end":{"line":181,"column":null}}]},"18":{"loc":{"start":{"line":186,"column":4},"end":{"line":187,"column":72}},"type":"if","locations":[{"start":{"line":186,"column":4},"end":{"line":187,"column":72}}]},"19":{"loc":{"start":{"line":199,"column":4},"end":{"line":202,"column":null}},"type":"if","locations":[{"start":{"line":199,"column":4},"end":{"line":202,"column":null}}]},"20":{"loc":{"start":{"line":204,"column":4},"end":{"line":207,"column":null}},"type":"if","locations":[{"start":{"line":204,"column":4},"end":{"line":207,"column":null}}]},"21":{"loc":{"start":{"line":208,"column":4},"end":{"line":211,"column":null}},"type":"if","locations":[{"start":{"line":208,"column":4},"end":{"line":211,"column":null}}]},"22":{"loc":{"start":{"line":221,"column":4},"end":{"line":224,"column":null}},"type":"if","locations":[{"start":{"line":221,"column":4},"end":{"line":224,"column":null}}]},"23":{"loc":{"start":{"line":221,"column":8},"end":{"line":221,"column":30}},"type":"binary-expr","locations":[{"start":{"line":221,"column":8},"end":{"line":221,"column":15}},{"start":{"line":221,"column":19},"end":{"line":221,"column":30}}]},"24":{"loc":{"start":{"line":225,"column":4},"end":{"line":226,"column":42}},"type":"if","locations":[{"start":{"line":225,"column":4},"end":{"line":226,"column":42}}]},"25":{"loc":{"start":{"line":225,"column":8},"end":{"line":225,"column":65}},"type":"binary-expr","locations":[{"start":{"line":225,"column":8},"end":{"line":225,"column":26}},{"start":{"line":225,"column":30},"end":{"line":225,"column":65}}]},"26":{"loc":{"start":{"line":227,"column":4},"end":{"line":228,"column":39}},"type":"if","locations":[{"start":{"line":227,"column":4},"end":{"line":228,"column":39}},{"start":{"line":228,"column":9},"end":{"line":228,"column":39}}]},"27":{"loc":{"start":{"line":230,"column":4},"end":{"line":231,"column":39}},"type":"if","locations":[{"start":{"line":230,"column":4},"end":{"line":231,"column":39}},{"start":{"line":231,"column":9},"end":{"line":231,"column":39}}]},"28":{"loc":{"start":{"line":245,"column":4},"end":{"line":248,"column":null}},"type":"if","locations":[{"start":{"line":245,"column":4},"end":{"line":248,"column":null}}]},"29":{"loc":{"start":{"line":250,"column":4},"end":{"line":253,"column":null}},"type":"if","locations":[{"start":{"line":250,"column":4},"end":{"line":253,"column":null}}]},"30":{"loc":{"start":{"line":254,"column":4},"end":{"line":257,"column":null}},"type":"if","locations":[{"start":{"line":254,"column":4},"end":{"line":257,"column":null}}]},"31":{"loc":{"start":{"line":267,"column":4},"end":{"line":270,"column":null}},"type":"if","locations":[{"start":{"line":267,"column":4},"end":{"line":270,"column":null}}]},"32":{"loc":{"start":{"line":267,"column":8},"end":{"line":267,"column":30}},"type":"binary-expr","locations":[{"start":{"line":267,"column":8},"end":{"line":267,"column":15}},{"start":{"line":267,"column":19},"end":{"line":267,"column":30}}]},"33":{"loc":{"start":{"line":272,"column":4},"end":{"line":275,"column":8}},"type":"if","locations":[{"start":{"line":272,"column":4},"end":{"line":275,"column":8}}]},"34":{"loc":{"start":{"line":278,"column":4},"end":{"line":281,"column":8}},"type":"if","locations":[{"start":{"line":278,"column":4},"end":{"line":281,"column":8}}]},"35":{"loc":{"start":{"line":299,"column":4},"end":{"line":302,"column":null}},"type":"if","locations":[{"start":{"line":299,"column":4},"end":{"line":302,"column":null}}]},"36":{"loc":{"start":{"line":307,"column":4},"end":{"line":311,"column":38}},"type":"if","locations":[{"start":{"line":307,"column":4},"end":{"line":311,"column":38}},{"start":{"line":309,"column":11},"end":{"line":311,"column":38}}]},"37":{"loc":{"start":{"line":309,"column":11},"end":{"line":311,"column":38}},"type":"if","locations":[{"start":{"line":309,"column":11},"end":{"line":311,"column":38}},{"start":{"line":311,"column":9},"end":{"line":311,"column":38}}]},"38":{"loc":{"start":{"line":323,"column":4},"end":{"line":325,"column":null}},"type":"if","locations":[{"start":{"line":323,"column":4},"end":{"line":325,"column":null}}]},"39":{"loc":{"start":{"line":326,"column":23},"end":{"line":328,"column":18}},"type":"cond-expr","locations":[{"start":{"line":328,"column":5},"end":{"line":328,"column":7}},{"start":{"line":328,"column":5},"end":{"line":328,"column":18}}]},"40":{"loc":{"start":{"line":326,"column":23},"end":{"line":328,"column":7}},"type":"binary-expr","locations":[{"start":{"line":326,"column":23},"end":{"line":328,"column":7}},{"start":{"line":328,"column":5},"end":{"line":328,"column":7}}]},"41":{"loc":{"start":{"line":330,"column":4},"end":{"line":333,"column":null}},"type":"if","locations":[{"start":{"line":330,"column":4},"end":{"line":333,"column":null}}]},"42":{"loc":{"start":{"line":342,"column":8},"end":{"line":353,"column":null}},"type":"if","locations":[{"start":{"line":342,"column":8},"end":{"line":353,"column":null}}]},"43":{"loc":{"start":{"line":344,"column":12},"end":{"line":351,"column":null}},"type":"if","locations":[{"start":{"line":344,"column":12},"end":{"line":351,"column":null}}]},"44":{"loc":{"start":{"line":356,"column":4},"end":{"line":358,"column":28}},"type":"if","locations":[{"start":{"line":356,"column":4},"end":{"line":358,"column":28}},{"start":{"line":358,"column":9},"end":{"line":358,"column":28}}]},"45":{"loc":{"start":{"line":371,"column":4},"end":{"line":371,"column":67}},"type":"if","locations":[{"start":{"line":371,"column":4},"end":{"line":371,"column":67}}]},"46":{"loc":{"start":{"line":376,"column":24},"end":{"line":376,"column":43}},"type":"cond-expr","locations":[{"start":{"line":376,"column":34},"end":{"line":376,"column":36}},{"start":{"line":376,"column":24},"end":{"line":376,"column":43}}]},"47":{"loc":{"start":{"line":376,"column":24},"end":{"line":376,"column":36}},"type":"binary-expr","locations":[{"start":{"line":376,"column":24},"end":{"line":376,"column":36}},{"start":{"line":376,"column":24},"end":{"line":376,"column":36}}]},"48":{"loc":{"start":{"line":378,"column":4},"end":{"line":378,"column":71}},"type":"cond-expr","locations":[{"start":{"line":378,"column":14},"end":{"line":378,"column":16}},{"start":{"line":378,"column":4},"end":{"line":378,"column":71}}]},"49":{"loc":{"start":{"line":378,"column":4},"end":{"line":378,"column":16}},"type":"binary-expr","locations":[{"start":{"line":378,"column":4},"end":{"line":378,"column":16}},{"start":{"line":378,"column":4},"end":{"line":378,"column":16}}]},"50":{"loc":{"start":{"line":380,"column":4},"end":{"line":385,"column":null}},"type":"if","locations":[{"start":{"line":380,"column":4},"end":{"line":385,"column":null}}]},"51":{"loc":{"start":{"line":396,"column":12},"end":{"line":405,"column":null}},"type":"if","locations":[{"start":{"line":396,"column":12},"end":{"line":405,"column":null}}]},"52":{"loc":{"start":{"line":396,"column":16},"end":{"line":396,"column":76}},"type":"binary-expr","locations":[{"start":{"line":396,"column":16},"end":{"line":396,"column":35}},{"start":{"line":396,"column":39},"end":{"line":396,"column":76}}]},"53":{"loc":{"start":{"line":406,"column":12},"end":{"line":411,"column":null}},"type":"if","locations":[{"start":{"line":406,"column":12},"end":{"line":411,"column":null}}]},"54":{"loc":{"start":{"line":407,"column":14},"end":{"line":410,"column":40}},"type":"if","locations":[{"start":{"line":407,"column":14},"end":{"line":410,"column":40}},{"start":{"line":410,"column":21},"end":{"line":410,"column":40}}]}},"s":{"0":1,"1":1,"2":1,"3":0,"4":0,"5":0,"6":0,"7":0,"8":1,"9":0,"10":0,"11":0,"12":0,"13":0,"14":0,"15":0,"16":1,"17":0,"18":0,"19":0,"20":0,"21":0,"22":0,"23":0,"24":0,"25":0,"26":1,"27":0,"28":0,"29":0,"30":1,"31":0,"32":0,"33":0,"34":0,"35":0,"36":0,"37":1,"38":0,"39":0,"40":1,"41":0,"42":0,"43":0,"44":0,"45":0,"46":0,"47":0,"48":0,"49":0,"50":0,"51":0,"52":0,"53":0,"54":0,"55":0,"56":0,"57":0,"58":0,"59":0,"60":0,"61":0,"62":0,"63":0,"64":1,"65":0,"66":0,"67":0,"68":0,"69":0,"70":0,"71":0,"72":0,"73":0,"74":0,"75":0,"76":0,"77":0,"78":0,"79":0,"80":0,"81":0,"82":0,"83":0,"84":0,"85":0,"86":0,"87":0,"88":0,"89":0,"90":0,"91":0,"92":0,"93":0,"94":0,"95":1,"96":0,"97":0,"98":0,"99":0,"100":0,"101":0,"102":0,"103":0,"104":0,"105":0,"106":0,"107":0,"108":0,"109":0,"110":0,"111":0,"112":0,"113":0,"114":0,"115":0,"116":0,"117":0,"118":0,"119":0,"120":0,"121":0,"122":0,"123":0,"124":1,"125":0,"126":0,"127":0,"128":0,"129":0,"130":0,"131":0,"132":0,"133":0,"134":0,"135":0,"136":0,"137":0,"138":1,"139":0,"140":0,"141":0,"142":0,"143":0,"144":0,"145":0,"146":0,"147":0,"148":0,"149":0,"150":0,"151":0,"152":0,"153":0,"154":0,"155":0,"156":0,"157":0,"158":0,"159":0,"160":0,"161":0,"162":1,"163":0,"164":0,"165":0,"166":0,"167":0,"168":0,"169":0,"170":0,"171":0,"172":0,"173":0,"174":0,"175":0,"176":0,"177":0,"178":0,"179":0,"180":0,"181":0,"182":0,"183":0,"184":0,"185":0,"186":0,"187":0,"188":0,"189":0,"190":0,"191":0,"192":0,"193":0,"194":0,"195":0,"196":0,"197":0},"f":{"0":0,"1":0,"2":0,"3":0,"4":0,"5":0,"6":0,"7":0,"8":0,"9":0,"10":0,"11":0,"12":0,"13":0,"14":0,"15":0,"16":0,"17":0,"18":0,"19":0,"20":0,"21":0,"22":0,"23":0,"24":0,"25":0,"26":0,"27":0,"28":0,"29":0},"b":{"0":[0,0],"1":[0,0],"2":[0,0],"3":[0,0],"4":[0,0],"5":[0,0],"6":[0,0],"7":[0,0],"8":[0,0],"9":[0,0],"10":[0,0],"11":[0,0],"12":[0],"13":[0,0],"14":[0,0],"15":[0],"16":[0],"17":[0],"18":[0],"19":[0],"20":[0],"21":[0],"22":[0],"23":[0,0],"24":[0],"25":[0,0],"26":[0,0],"27":[0,0],"28":[0],"29":[0],"30":[0],"31":[0],"32":[0,0],"33":[0],"34":[0],"35":[0],"36":[0,0],"37":[0,0],"38":[0],"39":[0,0],"40":[0,0],"41":[0],"42":[0],"43":[0],"44":[0,0],"45":[0],"46":[0,0],"47":[0,0],"48":[0,0],"49":[0,0],"50":[0],"51":[0],"52":[0,0],"53":[0],"54":[0,0]}}
}
