TN:
SF:jest.config.js
FNF:0
FNH:0
LF:0
LH:0
BRF:0
BRH:0
end_of_record
TN:
SF:logger.ts
FNF:0
FNH:0
DA:3,1
LF:1
LH:1
BRF:0
BRH:0
end_of_record
TN:
SF:db/index.ts
FN:37,(anonymous_0)
FN:41,(anonymous_1)
FN:50,(anonymous_2)
FNF:3
FNH:0
FNDA:0,(anonymous_0)
FNDA:0,(anonymous_1)
FNDA:0,(anonymous_2)
DA:13,1
DA:15,1
DA:37,1
DA:39,0
DA:47,0
DA:48,0
DA:55,0
DA:56,0
DA:57,0
LF:9
LH:3
BRF:0
BRH:0
end_of_record
TN:
SF:db/entities/Book.ts
FN:49,(anonymous_2)
FN:49,(anonymous_3)
FN:55,(anonymous_4)
FN:58,(anonymous_5)
FN:58,(anonymous_6)
FN:61,(anonymous_7)
FN:61,(anonymous_8)
FN:64,(anonymous_9)
FN:64,(anonymous_10)
FN:66,(anonymous_11)
FN:66,(anonymous_12)
FNF:11
FNH:11
FNDA:1,(anonymous_2)
FNDA:1,(anonymous_3)
FNDA:1,(anonymous_4)
FNDA:1,(anonymous_5)
FNDA:1,(anonymous_6)
FNDA:1,(anonymous_7)
FNDA:1,(anonymous_8)
FNDA:1,(anonymous_9)
FNDA:1,(anonymous_10)
FNDA:1,(anonymous_11)
FNDA:1,(anonymous_12)
DA:24,1
DA:26,1
DA:29,1
DA:32,1
DA:35,1
DA:38,1
DA:41,1
DA:44,1
DA:47,1
DA:49,1
DA:53,1
DA:55,1
DA:56,1
DA:58,1
DA:59,1
DA:61,1
DA:62,1
DA:64,1
DA:65,1
DA:66,1
DA:67,1
LF:21
LH:21
BRF:0
BRH:0
end_of_record
TN:
SF:db/entities/Copy.ts
FN:18,(anonymous_2)
FN:27,(anonymous_3)
FN:27,(anonymous_4)
FN:31,(anonymous_5)
FN:31,(anonymous_6)
FNF:5
FNH:5
FNDA:1,(anonymous_2)
FNDA:1,(anonymous_3)
FNDA:1,(anonymous_4)
FNDA:1,(anonymous_5)
FNDA:1,(anonymous_6)
DA:18,1
DA:19,1
DA:20,1
DA:24,1
DA:26,1
DA:27,1
DA:29,1
DA:31,1
DA:33,1
DA:40,1
LF:10
LH:10
BRDA:18,0,0,1
BRDA:18,0,1,1
BRF:2
BRH:2
end_of_record
TN:
SF:db/entities/Genre.ts
FN:26,(anonymous_2)
FN:26,(anonymous_3)
FNF:2
FNH:2
FNDA:1,(anonymous_2)
FNDA:1,(anonymous_3)
DA:17,1
DA:19,1
DA:24,1
DA:26,1
DA:30,1
LF:5
LH:5
BRF:0
BRH:0
end_of_record
TN:
SF:db/entities/Librarian.ts
FN:27,(anonymous_2)
FN:27,(anonymous_3)
FNF:2
FNH:2
FNDA:1,(anonymous_2)
FNDA:1,(anonymous_3)
DA:23,1
DA:25,1
DA:27,1
DA:29,1
DA:32,1
LF:5
LH:5
BRF:0
BRH:0
end_of_record
TN:
SF:db/entities/Library.ts
FN:18,(anonymous_2)
FN:52,(anonymous_3)
FN:55,(anonymous_4)
FN:55,(anonymous_5)
FN:58,(anonymous_6)
FN:58,(anonymous_7)
FNF:6
FNH:6
FNDA:1,(anonymous_2)
FNDA:1,(anonymous_3)
FNDA:1,(anonymous_4)
FNDA:1,(anonymous_5)
FNDA:1,(anonymous_6)
FNDA:1,(anonymous_7)
DA:18,1
DA:19,1
DA:20,1
DA:21,1
DA:22,1
DA:23,1
DA:27,1
DA:29,1
DA:34,1
DA:40,1
DA:47,1
DA:50,1
DA:52,1
DA:53,1
DA:55,1
DA:56,1
DA:58,1
DA:59,1
LF:18
LH:18
BRDA:18,0,0,1
BRDA:18,0,1,1
BRF:2
BRH:2
end_of_record
TN:
SF:db/entities/Permission.ts
FN:14,(anonymous_2)
FN:34,(anonymous_3)
FNF:2
FNH:2
FNDA:1,(anonymous_2)
FNDA:1,(anonymous_3)
DA:14,1
DA:15,1
DA:16,1
DA:18,1
DA:19,1
DA:23,1
DA:25,1
DA:32,1
DA:34,1
DA:35,1
LF:10
LH:10
BRDA:14,0,0,1
BRDA:14,0,1,1
BRF:2
BRH:2
end_of_record
TN:
SF:db/entities/Review.ts
FN:38,(anonymous_2)
FN:38,(anonymous_3)
FN:42,(anonymous_4)
FN:42,(anonymous_5)
FNF:4
FNH:4
FNDA:1,(anonymous_2)
FNDA:1,(anonymous_3)
FNDA:1,(anonymous_4)
FNDA:1,(anonymous_5)
DA:21,1
DA:23,1
DA:26,1
DA:29,1
DA:37,1
DA:38,1
DA:40,1
DA:42,1
DA:44,1
LF:9
LH:9
BRF:0
BRH:0
end_of_record
TN:
SF:db/entities/Role.ts
FN:16,(anonymous_2)
FN:35,(anonymous_3)
FN:38,(anonymous_4)
FNF:3
FNH:3
FNDA:1,(anonymous_2)
FNDA:1,(anonymous_3)
FNDA:1,(anonymous_4)
DA:16,1
DA:17,1
DA:18,1
DA:19,1
DA:23,1
DA:25,1
DA:33,1
DA:35,1
DA:36,1
DA:38,1
DA:40,1
LF:11
LH:11
BRDA:16,0,0,1
BRDA:16,0,1,1
BRF:2
BRH:2
end_of_record
TN:
SF:db/entities/User.ts
FN:30,(anonymous_2)
FN:50,(anonymous_3)
FN:64,(anonymous_4)
FN:78,(anonymous_5)
FN:82,(anonymous_6)
FN:86,(anonymous_7)
FN:86,(anonymous_8)
FN:89,(anonymous_9)
FN:89,(anonymous_10)
FNF:9
FNH:8
FNDA:0,(anonymous_2)
FNDA:1,(anonymous_3)
FNDA:1,(anonymous_4)
FNDA:1,(anonymous_5)
FNDA:1,(anonymous_6)
FNDA:1,(anonymous_7)
FNDA:1,(anonymous_8)
FNDA:1,(anonymous_9)
FNDA:1,(anonymous_10)
DA:22,1
DA:24,1
DA:27,1
DA:30,1
DA:31,0
DA:32,0
DA:36,1
DA:39,1
DA:42,1
DA:45,1
DA:48,1
DA:50,1
DA:62,1
DA:64,1
DA:76,1
DA:78,1
DA:80,1
DA:82,1
DA:84,1
DA:86,1
DA:87,1
DA:89,1
DA:91,1
LF:23
LH:21
BRDA:31,0,0,0
BRF:1
BRH:0
end_of_record
