TN:
SF:index.ts
FN:20,(anonymous_0)
FN:34,(anonymous_1)
FN:38,(anonymous_2)
FNF:3
FNH:1
FNDA:0,(anonymous_0)
FNDA:0,(anonymous_1)
FNDA:1,(anonymous_2)
DA:16,1
DA:17,1
DA:18,1
DA:20,1
DA:21,0
DA:23,1
DA:24,1
DA:25,1
DA:26,1
DA:27,1
DA:28,1
DA:29,1
DA:30,1
DA:31,1
DA:32,1
DA:34,1
DA:35,0
DA:38,1
DA:39,1
DA:40,1
DA:41,1
LF:21
LH:19
BRDA:17,0,0,1
BRDA:17,0,1,1
BRF:2
BRH:2
end_of_record
TN:
SF:logger.ts
FNF:0
FNH:0
DA:3,1
LF:1
LH:1
BRF:0
BRH:0
end_of_record
TN:
SF:@types/entity.ts
FNF:0
FNH:0
DA:41,1
LF:1
LH:1
BRF:0
BRH:0
end_of_record
TN:
SF:controllers/book.ts
FN:8,(anonymous_0)
FN:32,(anonymous_1)
FN:42,(anonymous_2)
FN:70,(anonymous_3)
FN:80,(anonymous_4)
FN:107,(anonymous_5)
FN:114,(anonymous_6)
FN:131,(anonymous_7)
FN:148,(anonymous_8)
FNF:9
FNH:1
FNDA:0,(anonymous_0)
FNDA:0,(anonymous_1)
FNDA:0,(anonymous_2)
FNDA:0,(anonymous_3)
FNDA:0,(anonymous_4)
FNDA:1,(anonymous_5)
FNDA:0,(anonymous_6)
FNDA:0,(anonymous_7)
FNDA:0,(anonymous_8)
DA:6,1
DA:8,1
DA:17,0
DA:18,0
DA:29,0
DA:32,1
DA:38,0
DA:39,0
DA:41,0
DA:42,0
DA:43,0
DA:44,0
DA:52,0
DA:53,0
DA:61,0
DA:62,0
DA:63,0
DA:64,0
DA:65,0
DA:67,0
DA:70,1
DA:76,0
DA:77,0
DA:79,0
DA:80,0
DA:81,0
DA:82,0
DA:90,0
DA:91,0
DA:99,0
DA:100,0
DA:101,0
DA:102,0
DA:103,0
DA:105,0
DA:107,1
DA:108,1
DA:109,1
DA:110,0
DA:111,0
DA:114,1
DA:117,0
DA:127,0
DA:128,0
DA:131,1
DA:134,0
DA:144,0
DA:145,0
DA:148,1
DA:151,0
DA:161,0
DA:162,0
LF:52
LH:10
BRDA:44,0,0,0
BRDA:45,1,0,0
BRDA:45,1,1,0
BRDA:45,1,2,0
BRDA:53,2,0,0
BRDA:54,3,0,0
BRDA:54,3,1,0
BRDA:54,3,2,0
BRDA:62,4,0,0
BRDA:62,5,0,0
BRDA:62,5,1,0
BRDA:64,6,0,0
BRDA:64,7,0,0
BRDA:64,7,1,0
BRDA:65,8,0,0
BRDA:82,9,0,0
BRDA:83,10,0,0
BRDA:83,10,1,0
BRDA:83,10,2,0
BRDA:91,11,0,0
BRDA:92,12,0,0
BRDA:92,12,1,0
BRDA:92,12,2,0
BRDA:100,13,0,0
BRDA:100,14,0,0
BRDA:100,14,1,0
BRDA:102,15,0,0
BRDA:102,16,0,0
BRDA:102,16,1,0
BRDA:103,17,0,0
BRDA:108,18,0,0
BRDA:110,19,0,0
BRDA:127,20,0,0
BRDA:144,21,0,0
BRDA:161,22,0,0
BRF:35
BRH:0
end_of_record
TN:
SF:controllers/library.ts
FN:14,(anonymous_0)
FN:35,(anonymous_1)
FN:41,(anonymous_2)
FNF:3
FNH:0
FNDA:0,(anonymous_0)
FNDA:0,(anonymous_1)
FNDA:0,(anonymous_2)
DA:11,1
DA:14,1
DA:20,0
DA:21,0
DA:22,0
DA:23,0
DA:24,0
DA:25,0
DA:26,0
DA:28,0
DA:30,0
DA:31,0
DA:35,1
DA:36,0
DA:37,0
DA:38,0
DA:41,1
DA:42,0
DA:43,0
DA:44,0
DA:45,0
DA:46,0
DA:48,0
DA:49,0
LF:24
LH:4
BRDA:37,0,0,0
BRDA:37,1,0,0
BRDA:37,1,1,0
BRDA:42,2,0,0
BRDA:43,3,0,0
BRDA:45,4,0,0
BRF:6
BRH:0
end_of_record
TN:
SF:controllers/paginate.ts
FN:7,(anonymous_0)
FN:33,(anonymous_1)
FNF:2
FNH:1
FNDA:1,(anonymous_0)
FNDA:0,(anonymous_1)
DA:7,1
DA:8,1
DA:9,1
DA:10,1
DA:11,0
DA:13,1
DA:16,1
DA:25,0
DA:33,1
DA:34,0
DA:35,0
DA:37,0
DA:38,0
DA:40,0
DA:42,0
LF:15
LH:7
BRDA:10,0,0,0
BRDA:10,1,0,1
BRDA:10,1,1,1
BRDA:37,2,0,0
BRDA:37,3,0,0
BRDA:37,3,1,0
BRF:6
BRH:2
end_of_record
TN:
SF:controllers/reviews.ts
FN:4,(anonymous_0)
FNF:1
FNH:0
FNDA:0,(anonymous_0)
DA:4,1
DA:5,0
DA:6,0
DA:13,0
DA:15,0
DA:16,0
LF:6
LH:1
BRF:0
BRH:0
end_of_record
TN:
SF:controllers/role&permissions.ts
FN:14,(anonymous_0)
FN:24,(anonymous_1)
FN:31,(anonymous_2)
FN:39,(anonymous_3)
FNF:4
FNH:0
FNDA:0,(anonymous_0)
FNDA:0,(anonymous_1)
FNDA:0,(anonymous_2)
FNDA:0,(anonymous_3)
DA:12,1
DA:14,1
DA:15,0
DA:16,0
DA:17,0
DA:18,0
DA:19,0
DA:21,0
DA:24,1
DA:25,0
DA:26,0
DA:27,0
DA:28,0
DA:31,1
DA:32,0
DA:33,0
DA:34,0
DA:35,0
DA:36,0
DA:39,1
DA:40,0
DA:41,0
DA:42,0
DA:43,0
DA:44,0
DA:46,0
LF:26
LH:5
BRDA:15,0,0,0
BRDA:16,1,0,0
BRDA:18,2,0,0
BRDA:25,3,0,0
BRDA:27,4,0,0
BRDA:32,5,0,0
BRDA:35,6,0,0
BRDA:40,7,0,0
BRDA:41,8,0,0
BRDA:43,9,0,0
BRF:10
BRH:0
end_of_record
TN:
SF:controllers/user.ts
FN:12,(anonymous_0)
FN:49,(anonymous_1)
FN:82,(anonymous_2)
FN:90,(anonymous_3)
FN:138,(anonymous_4)
FN:165,(anonymous_5)
FNF:6
FNH:0
FNDA:0,(anonymous_0)
FNDA:0,(anonymous_1)
FNDA:0,(anonymous_2)
FNDA:0,(anonymous_3)
FNDA:0,(anonymous_4)
FNDA:0,(anonymous_5)
DA:10,1
DA:12,1
DA:13,0
DA:14,0
DA:15,0
DA:19,0
DA:24,0
DA:25,0
DA:26,0
DA:39,0
DA:41,0
DA:44,0
DA:49,1
DA:59,0
DA:60,0
DA:62,0
DA:63,0
DA:64,0
DA:65,0
DA:66,0
DA:67,0
DA:69,0
DA:75,0
DA:76,0
DA:78,0
DA:79,0
DA:82,1
DA:83,0
DA:84,0
DA:85,0
DA:86,0
DA:87,0
DA:90,1
DA:95,0
DA:96,0
DA:97,0
DA:98,0
DA:100,0
DA:104,0
DA:105,0
DA:106,0
DA:108,0
DA:109,0
DA:110,0
DA:112,0
DA:113,0
DA:114,0
DA:115,0
DA:116,0
DA:118,0
DA:119,0
DA:120,0
DA:121,0
DA:123,0
DA:124,0
DA:129,0
DA:130,0
DA:133,0
DA:134,0
DA:138,1
DA:143,0
DA:144,0
DA:145,0
DA:146,0
DA:148,0
DA:152,0
DA:153,0
DA:154,0
DA:156,0
DA:165,0
DA:166,0
DA:167,0
DA:168,0
DA:170,0
DA:171,0
DA:174,0
DA:177,0
LF:77
LH:6
BRDA:21,0,0,0
BRDA:21,0,1,0
BRDA:21,1,0,0
BRDA:21,1,1,0
BRDA:21,2,0,0
BRDA:21,2,1,0
BRDA:24,3,0,0
BRDA:24,3,1,0
BRDA:24,4,0,0
BRDA:24,4,1,0
BRDA:32,5,0,0
BRDA:32,5,1,0
BRDA:83,6,0,0
BRDA:84,7,0,0
BRDA:86,8,0,0
BRDA:97,9,0,0
BRDA:104,10,0,0
BRDA:104,10,1,0
BRDA:104,11,0,0
BRDA:104,11,1,0
BRDA:108,12,0,0
BRDA:109,13,0,0
BRDA:145,14,0,0
BRDA:152,15,0,0
BRDA:152,15,1,0
BRDA:152,16,0,0
BRDA:152,16,1,0
BRDA:156,17,0,0
BRF:28
BRH:0
end_of_record
TN:
SF:db/index.ts
FN:38,(anonymous_0)
FN:41,(anonymous_1)
FN:45,(anonymous_2)
FNF:3
FNH:2
FNDA:2,(anonymous_0)
FNDA:0,(anonymous_1)
FNDA:2,(anonymous_2)
DA:13,1
DA:15,1
DA:38,1
DA:39,2
DA:42,0
DA:43,0
DA:46,2
DA:47,2
LF:8
LH:6
BRF:0
BRH:0
end_of_record
TN:
SF:db/entities/Book.ts
FN:49,(anonymous_2)
FN:52,(anonymous_3)
FN:55,(anonymous_4)
FN:55,(anonymous_5)
FN:58,(anonymous_6)
FN:58,(anonymous_7)
FN:61,(anonymous_8)
FN:61,(anonymous_9)
FN:63,(anonymous_10)
FN:63,(anonymous_11)
FNF:10
FNH:10
FNDA:2,(anonymous_2)
FNDA:2,(anonymous_3)
FNDA:2,(anonymous_4)
FNDA:2,(anonymous_5)
FNDA:2,(anonymous_6)
FNDA:2,(anonymous_7)
FNDA:2,(anonymous_8)
FNDA:2,(anonymous_9)
FNDA:2,(anonymous_10)
FNDA:2,(anonymous_11)
DA:24,1
DA:26,1
DA:29,1
DA:32,1
DA:35,1
DA:38,1
DA:41,1
DA:44,1
DA:47,1
DA:49,2
DA:50,1
DA:52,2
DA:53,1
DA:55,2
DA:56,1
DA:58,2
DA:59,1
DA:61,2
DA:62,1
DA:63,2
DA:64,1
LF:21
LH:21
BRF:0
BRH:0
end_of_record
TN:
SF:db/entities/Copy.ts
FN:18,(anonymous_2)
FN:28,(anonymous_3)
FN:28,(anonymous_4)
FN:32,(anonymous_5)
FN:32,(anonymous_6)
FNF:5
FNH:5
FNDA:1,(anonymous_2)
FNDA:2,(anonymous_3)
FNDA:2,(anonymous_4)
FNDA:2,(anonymous_5)
FNDA:2,(anonymous_6)
DA:18,1
DA:19,1
DA:20,1
DA:21,1
DA:25,1
DA:27,1
DA:28,2
DA:30,1
DA:32,2
DA:34,1
DA:41,1
LF:11
LH:11
BRDA:18,0,0,1
BRDA:18,0,1,1
BRF:2
BRH:2
end_of_record
TN:
SF:db/entities/Genre.ts
FN:26,(anonymous_2)
FNF:1
FNH:1
FNDA:2,(anonymous_2)
DA:17,1
DA:19,1
DA:24,1
DA:26,2
DA:28,1
LF:5
LH:5
BRF:0
BRH:0
end_of_record
TN:
SF:db/entities/Librarian.ts
FN:27,(anonymous_2)
FN:27,(anonymous_3)
FNF:2
FNH:2
FNDA:2,(anonymous_2)
FNDA:2,(anonymous_3)
DA:23,1
DA:25,1
DA:27,2
DA:29,1
DA:32,1
LF:5
LH:5
BRF:0
BRH:0
end_of_record
TN:
SF:db/entities/Library.ts
FN:18,(anonymous_2)
FN:52,(anonymous_3)
FN:55,(anonymous_4)
FN:55,(anonymous_5)
FN:58,(anonymous_6)
FN:58,(anonymous_7)
FNF:6
FNH:6
FNDA:1,(anonymous_2)
FNDA:2,(anonymous_3)
FNDA:2,(anonymous_4)
FNDA:2,(anonymous_5)
FNDA:2,(anonymous_6)
FNDA:2,(anonymous_7)
DA:18,1
DA:19,1
DA:20,1
DA:21,1
DA:22,1
DA:23,1
DA:27,1
DA:29,1
DA:34,1
DA:40,1
DA:47,1
DA:50,1
DA:52,2
DA:53,1
DA:55,2
DA:56,1
DA:58,2
DA:59,1
LF:18
LH:18
BRDA:18,0,0,1
BRDA:18,0,1,1
BRF:2
BRH:2
end_of_record
TN:
SF:db/entities/Permission.ts
FN:14,(anonymous_2)
FN:34,(anonymous_3)
FNF:2
FNH:2
FNDA:1,(anonymous_2)
FNDA:2,(anonymous_3)
DA:14,1
DA:15,1
DA:16,1
DA:18,1
DA:19,1
DA:23,1
DA:25,1
DA:32,1
DA:34,2
DA:35,1
LF:10
LH:10
BRDA:14,0,0,1
BRDA:14,0,1,1
BRF:2
BRH:2
end_of_record
TN:
SF:db/entities/Review.ts
FN:28,(anonymous_2)
FN:28,(anonymous_3)
FN:32,(anonymous_4)
FN:32,(anonymous_5)
FNF:4
FNH:4
FNDA:2,(anonymous_2)
FNDA:2,(anonymous_3)
FNDA:2,(anonymous_4)
FNDA:2,(anonymous_5)
DA:21,1
DA:23,1
DA:26,1
DA:28,2
DA:30,1
DA:32,2
DA:34,1
DA:37,1
DA:45,1
DA:48,1
LF:10
LH:10
BRF:0
BRH:0
end_of_record
TN:
SF:db/entities/Role.ts
FN:16,(anonymous_2)
FN:35,(anonymous_3)
FN:38,(anonymous_4)
FNF:3
FNH:3
FNDA:1,(anonymous_2)
FNDA:2,(anonymous_3)
FNDA:2,(anonymous_4)
DA:16,1
DA:17,1
DA:18,1
DA:19,1
DA:23,1
DA:25,1
DA:33,1
DA:35,2
DA:36,1
DA:38,2
DA:40,1
LF:11
LH:11
BRDA:16,0,0,1
BRDA:16,0,1,1
BRF:2
BRH:2
end_of_record
TN:
SF:db/entities/User.ts
FN:30,(anonymous_2)
FN:50,(anonymous_3)
FN:64,(anonymous_4)
FN:78,(anonymous_5)
FN:82,(anonymous_6)
FN:86,(anonymous_7)
FN:86,(anonymous_8)
FN:89,(anonymous_9)
FN:89,(anonymous_10)
FNF:9
FNH:8
FNDA:0,(anonymous_2)
FNDA:2,(anonymous_3)
FNDA:2,(anonymous_4)
FNDA:2,(anonymous_5)
FNDA:2,(anonymous_6)
FNDA:2,(anonymous_7)
FNDA:2,(anonymous_8)
FNDA:2,(anonymous_9)
FNDA:2,(anonymous_10)
DA:22,1
DA:24,1
DA:27,1
DA:30,1
DA:31,0
DA:32,0
DA:36,1
DA:39,1
DA:42,1
DA:45,1
DA:48,1
DA:50,2
DA:62,1
DA:64,2
DA:76,1
DA:78,2
DA:80,1
DA:82,2
DA:84,1
DA:86,2
DA:87,1
DA:89,2
DA:91,1
LF:23
LH:21
BRDA:31,0,0,0
BRF:1
BRH:0
end_of_record
TN:
SF:middlewares/auth/authenticate.ts
FN:8,(anonymous_0)
FNF:1
FNH:0
FNDA:0,(anonymous_0)
DA:6,1
DA:8,1
DA:13,0
DA:16,0
DA:17,0
DA:22,0
DA:24,0
DA:26,0
DA:27,0
DA:28,0
DA:33,0
DA:36,0
DA:37,0
DA:38,0
DA:39,0
DA:40,0
DA:41,0
DA:42,0
DA:43,0
DA:45,0
LF:20
LH:2
BRDA:17,0,0,0
BRDA:17,0,1,0
BRDA:22,1,0,0
BRDA:24,2,0,0
BRDA:24,2,1,0
BRDA:36,3,0,0
BRDA:36,3,1,0
BRDA:39,4,0,0
BRDA:39,4,1,0
BRDA:39,5,0,0
BRDA:39,5,1,0
BRDA:39,6,0,0
BRDA:39,6,1,0
BRDA:40,7,0,0
BRDA:42,8,0,0
BRDA:42,8,1,0
BRDA:42,9,0,0
BRDA:42,9,1,0
BRF:18
BRH:0
end_of_record
TN:
SF:middlewares/auth/authorize.ts
FN:8,(anonymous_0)
FN:9,(anonymous_1)
FN:30,(anonymous_2)
FN:32,(anonymous_3)
FNF:4
FNH:1
FNDA:9,(anonymous_0)
FNDA:0,(anonymous_1)
FNDA:0,(anonymous_2)
FNDA:0,(anonymous_3)
DA:8,1
DA:9,9
DA:14,0
DA:15,0
DA:16,0
DA:17,0
DA:19,0
DA:20,0
DA:21,0
DA:29,0
DA:30,0
DA:31,0
DA:32,0
DA:33,0
DA:34,0
DA:35,0
DA:36,0
DA:39,0
DA:40,0
LF:19
LH:2
BRDA:15,0,0,0
BRDA:19,1,0,0
BRDA:19,2,0,0
BRDA:19,2,1,0
BRDA:32,3,0,0
BRDA:39,4,0,0
BRF:6
BRH:0
end_of_record
TN:
SF:middlewares/errorHandlers/genericHandler.ts
FN:4,(anonymous_0)
FN:15,(anonymous_1)
FN:30,(anonymous_2)
FNF:3
FNH:0
FNDA:0,(anonymous_0)
FNDA:0,(anonymous_1)
FNDA:0,(anonymous_2)
DA:4,1
DA:10,0
DA:11,0
DA:12,0
DA:15,1
DA:21,0
DA:22,0
DA:23,0
DA:24,0
DA:26,0
DA:30,1
DA:31,0
LF:12
LH:3
BRDA:11,0,0,0
BRDA:11,0,1,0
BRDA:21,1,0,0
BRDA:21,1,1,0
BRDA:23,2,0,0
BRDA:23,2,1,0
BRDA:24,3,0,0
BRDA:24,3,1,0
BRF:8
BRH:0
end_of_record
TN:
SF:middlewares/validation/validLibrary.ts
FN:5,(anonymous_0)
FN:14,(anonymous_1)
FNF:2
FNH:0
FNDA:0,(anonymous_0)
FNDA:0,(anonymous_1)
DA:5,1
DA:10,0
DA:11,0
DA:12,0
DA:14,0
DA:15,0
DA:16,0
DA:20,0
DA:21,0
DA:24,0
DA:25,0
DA:27,0
LF:12
LH:1
BRDA:15,0,0,0
BRDA:20,1,0,0
BRDA:20,2,0,0
BRDA:20,2,1,0
BRDA:24,3,0,0
BRDA:24,3,1,0
BRF:6
BRH:0
end_of_record
TN:
SF:middlewares/validation/validUser.ts
FN:4,(anonymous_0)
FN:14,(anonymous_1)
FNF:2
FNH:0
FNDA:0,(anonymous_0)
FNDA:0,(anonymous_1)
DA:4,1
DA:10,0
DA:11,0
DA:12,0
DA:14,0
DA:15,0
DA:16,0
DA:20,0
DA:21,0
DA:24,0
DA:25,0
DA:32,0
DA:33,0
DA:35,0
LF:14
LH:1
BRDA:15,0,0,0
BRDA:20,1,0,0
BRDA:24,2,0,0
BRDA:32,3,0,0
BRDA:32,3,1,0
BRF:5
BRH:0
end_of_record
TN:
SF:routes/books.ts
FN:20,(anonymous_0)
FN:34,(anonymous_1)
FN:61,(anonymous_2)
FN:72,(anonymous_3)
FN:75,(anonymous_4)
FN:82,(anonymous_5)
FN:99,(anonymous_6)
FN:102,(anonymous_7)
FN:106,(anonymous_8)
FN:115,(anonymous_9)
FN:137,(anonymous_10)
FN:160,(anonymous_11)
FN:183,(anonymous_12)
FN:206,(anonymous_13)
FN:221,(anonymous_14)
FN:232,(anonymous_15)
FN:245,(anonymous_16)
FNF:17
FNH:4
FNDA:0,(anonymous_0)
FNDA:0,(anonymous_1)
FNDA:1,(anonymous_2)
FNDA:0,(anonymous_3)
FNDA:1,(anonymous_4)
FNDA:0,(anonymous_5)
FNDA:1,(anonymous_6)
FNDA:0,(anonymous_7)
FNDA:1,(anonymous_8)
FNDA:0,(anonymous_9)
FNDA:0,(anonymous_10)
FNDA:0,(anonymous_11)
FNDA:0,(anonymous_12)
FNDA:0,(anonymous_13)
FNDA:0,(anonymous_14)
FNDA:0,(anonymous_15)
FNDA:0,(anonymous_16)
DA:3,1
DA:4,1
DA:20,1
DA:21,0
DA:23,0
DA:24,0
DA:26,0
DA:30,1
DA:35,0
DA:36,0
DA:37,0
DA:38,0
DA:39,0
DA:43,0
DA:44,0
DA:45,0
DA:46,0
DA:47,0
DA:49,0
DA:52,0
DA:54,0
DA:55,0
DA:61,1
DA:64,1
DA:65,1
DA:71,1
DA:73,0
DA:76,1
DA:77,1
DA:82,1
DA:83,0
DA:84,0
DA:85,0
DA:86,0
DA:87,0
DA:88,0
DA:90,0
DA:91,0
DA:93,0
DA:94,0
DA:99,1
DA:100,1
DA:101,1
DA:103,0
DA:104,0
DA:107,1
DA:108,1
DA:115,1
DA:116,0
DA:117,0
DA:119,0
DA:120,0
DA:121,0
DA:125,0
DA:126,0
DA:127,0
DA:129,0
DA:130,0
DA:131,0
DA:133,0
DA:134,0
DA:137,1
DA:138,0
DA:139,0
DA:141,0
DA:142,0
DA:146,0
DA:147,0
DA:148,0
DA:150,0
DA:151,0
DA:152,0
DA:153,0
DA:155,0
DA:156,0
DA:160,1
DA:161,0
DA:162,0
DA:164,0
DA:165,0
DA:170,0
DA:171,0
DA:172,0
DA:174,0
DA:175,0
DA:176,0
DA:178,0
DA:179,0
DA:183,1
DA:184,0
DA:185,0
DA:187,0
DA:192,0
DA:193,0
DA:194,0
DA:196,0
DA:197,0
DA:198,0
DA:200,0
DA:201,0
DA:206,1
DA:207,0
DA:208,0
DA:209,0
DA:211,0
DA:212,0
DA:216,0
DA:217,0
DA:218,0
DA:220,0
DA:221,0
DA:223,0
DA:224,0
DA:226,0
DA:227,0
DA:232,1
DA:233,0
DA:234,0
DA:235,0
DA:236,0
DA:240,0
DA:241,0
DA:242,0
DA:244,0
DA:245,0
DA:247,0
DA:248,0
DA:250,0
DA:251,0
LF:129
LH:22
BRDA:23,0,0,0
BRDA:23,1,0,0
BRDA:23,1,1,0
BRDA:23,1,2,0
BRDA:38,2,0,0
BRDA:38,3,0,0
BRDA:38,3,1,0
BRDA:38,3,2,0
BRDA:38,3,3,0
BRDA:66,4,0,1
BRDA:66,4,1,1
BRDA:66,5,0,1
BRDA:66,5,1,0
BRDA:66,6,0,1
BRDA:66,6,1,1
BRDA:67,7,0,1
BRDA:67,7,1,1
BRDA:67,8,0,1
BRDA:67,8,1,0
BRDA:67,9,0,1
BRDA:67,9,1,1
BRDA:90,10,0,0
BRDA:90,10,1,0
BRDA:119,11,0,0
BRDA:125,12,0,0
BRDA:141,13,0,0
BRDA:146,14,0,0
BRDA:150,15,0,0
BRDA:150,15,1,0
BRDA:162,16,0,0
BRDA:162,16,1,0
BRDA:170,17,0,0
BRDA:185,18,0,0
BRDA:185,18,1,0
BRDA:192,19,0,0
BRDA:196,20,0,0
BRDA:196,20,1,0
BRDA:209,21,0,0
BRDA:216,22,0,0
BRDA:234,23,0,0
BRDA:234,23,1,0
BRDA:240,24,0,0
BRF:42
BRH:10
end_of_record
TN:
SF:routes/copies.ts
FN:24,(anonymous_0)
FN:48,(anonymous_1)
FN:74,(anonymous_2)
FN:85,(anonymous_3)
FN:88,(anonymous_4)
FN:98,(anonymous_5)
FNF:6
FNH:1
FNDA:0,(anonymous_0)
FNDA:1,(anonymous_1)
FNDA:0,(anonymous_2)
FNDA:0,(anonymous_3)
FNDA:0,(anonymous_4)
FNDA:0,(anonymous_5)
DA:3,1
DA:4,1
DA:20,1
DA:26,0
DA:27,0
DA:28,0
DA:31,0
DA:33,0
DA:34,0
DA:35,0
DA:38,0
DA:39,0
DA:41,0
DA:42,0
DA:48,1
DA:49,1
DA:50,1
DA:51,1
DA:52,0
DA:53,0
DA:56,1
DA:65,0
DA:66,0
DA:67,0
DA:69,1
DA:70,1
DA:74,1
DA:77,0
DA:78,0
DA:84,0
DA:86,0
DA:89,0
DA:90,0
DA:94,1
DA:99,0
DA:100,0
DA:101,0
DA:102,0
DA:105,0
DA:106,0
DA:107,0
DA:108,0
DA:110,0
DA:111,0
DA:112,0
DA:113,0
DA:114,0
DA:115,0
DA:116,0
DA:118,0
DA:119,0
LF:51
LH:12
BRDA:51,0,0,0
BRDA:65,1,0,0
BRDA:65,1,1,0
BRDA:79,2,0,0
BRDA:79,2,1,0
BRDA:79,3,0,0
BRDA:79,3,1,0
BRDA:79,4,0,0
BRDA:79,4,1,0
BRDA:80,5,0,0
BRDA:80,5,1,0
BRDA:80,6,0,0
BRDA:80,6,1,0
BRDA:80,7,0,0
BRDA:80,7,1,0
BRDA:101,8,0,0
BRDA:106,9,0,0
BRDA:111,10,0,0
BRF:18
BRH:0
end_of_record
TN:
SF:routes/genres.ts
FN:9,(anonymous_0)
FN:16,(anonymous_1)
FN:27,(anonymous_2)
FN:30,(anonymous_3)
FNF:4
FNH:0
FNDA:0,(anonymous_0)
FNDA:0,(anonymous_1)
FNDA:0,(anonymous_2)
FNDA:0,(anonymous_3)
DA:6,1
DA:7,1
DA:9,1
DA:10,0
DA:11,0
DA:12,0
DA:13,0
DA:16,1
DA:19,0
DA:20,0
DA:26,0
DA:28,0
DA:31,0
DA:32,0
LF:14
LH:4
BRDA:21,0,0,0
BRDA:21,0,1,0
BRDA:21,1,0,0
BRDA:21,1,1,0
BRDA:21,2,0,0
BRDA:21,2,1,0
BRDA:22,3,0,0
BRDA:22,3,1,0
BRDA:22,4,0,0
BRDA:22,4,1,0
BRDA:22,5,0,0
BRDA:22,5,1,0
BRF:12
BRH:0
end_of_record
TN:
SF:routes/libraries.ts
FN:22,(anonymous_0)
FN:24,(anonymous_1)
FN:27,(anonymous_2)
FN:35,(anonymous_3)
FN:46,(anonymous_4)
FN:49,(anonymous_5)
FN:55,(anonymous_6)
FN:83,(anonymous_7)
FN:93,(anonymous_8)
FN:108,(anonymous_9)
FNF:10
FNH:0
FNDA:0,(anonymous_0)
FNDA:0,(anonymous_1)
FNDA:0,(anonymous_2)
FNDA:0,(anonymous_3)
FNDA:0,(anonymous_4)
FNDA:0,(anonymous_5)
FNDA:0,(anonymous_6)
FNDA:0,(anonymous_7)
FNDA:0,(anonymous_8)
FNDA:0,(anonymous_9)
DA:3,1
DA:4,1
DA:17,1
DA:23,0
DA:25,0
DA:28,0
DA:29,0
DA:35,1
DA:38,0
DA:39,0
DA:45,0
DA:47,0
DA:50,0
DA:51,0
DA:55,1
DA:56,0
DA:57,0
DA:59,0
DA:60,0
DA:61,0
DA:62,0
DA:65,0
DA:66,0
DA:67,0
DA:70,0
DA:71,0
DA:72,0
DA:75,0
DA:76,0
DA:77,0
DA:78,0
DA:80,0
DA:83,1
DA:84,0
DA:85,0
DA:86,0
DA:88,0
DA:89,0
DA:93,1
DA:94,0
DA:95,0
DA:96,0
DA:102,0
DA:103,0
DA:104,0
DA:106,0
DA:107,0
DA:108,0
DA:109,0
DA:110,0
DA:113,0
DA:114,0
DA:115,0
DA:117,0
DA:118,0
LF:55
LH:7
BRDA:40,0,0,0
BRDA:40,0,1,0
BRDA:40,1,0,0
BRDA:40,1,1,0
BRDA:40,2,0,0
BRDA:40,2,1,0
BRDA:41,3,0,0
BRDA:41,3,1,0
BRDA:41,4,0,0
BRDA:41,4,1,0
BRDA:41,5,0,0
BRDA:41,5,1,0
BRDA:60,6,0,0
BRDA:60,6,1,0
BRDA:60,7,0,0
BRDA:60,7,1,0
BRDA:65,8,0,0
BRDA:65,8,1,0
BRDA:70,9,0,0
BRDA:70,9,1,0
BRDA:76,10,0,0
BRDA:102,11,0,0
BRDA:109,12,0,0
BRDA:109,13,0,0
BRDA:109,13,1,0
BRDA:113,14,0,0
BRDA:113,14,1,0
BRF:27
BRH:0
end_of_record
TN:
SF:routes/permissions.ts
FN:21,(anonymous_0)
FN:37,(anonymous_1)
FN:48,(anonymous_2)
FN:51,(anonymous_3)
FN:62,(anonymous_4)
FNF:5
FNH:0
FNDA:0,(anonymous_0)
FNDA:0,(anonymous_1)
FNDA:0,(anonymous_2)
FNDA:0,(anonymous_3)
FNDA:0,(anonymous_4)
DA:3,1
DA:4,1
DA:17,1
DA:22,0
DA:23,0
DA:24,0
DA:25,0
DA:26,0
DA:27,0
DA:28,0
DA:29,0
DA:31,0
DA:32,0
DA:37,1
DA:40,0
DA:41,0
DA:47,0
DA:49,0
DA:52,0
DA:53,0
DA:58,1
DA:63,0
DA:64,0
DA:65,0
DA:66,0
DA:67,0
DA:68,0
DA:69,0
DA:70,0
DA:72,0
DA:73,0
LF:31
LH:5
BRDA:24,0,0,0
BRDA:42,1,0,0
BRDA:42,1,1,0
BRDA:42,2,0,0
BRDA:42,2,1,0
BRDA:42,3,0,0
BRDA:42,3,1,0
BRDA:43,4,0,0
BRDA:43,4,1,0
BRDA:43,5,0,0
BRDA:43,5,1,0
BRDA:43,6,0,0
BRDA:43,6,1,0
BRF:13
BRH:0
end_of_record
TN:
SF:routes/reviews.ts
FN:18,(anonymous_0)
FN:44,(anonymous_1)
FN:67,(anonymous_2)
FN:78,(anonymous_3)
FN:81,(anonymous_4)
FN:88,(anonymous_5)
FN:114,(anonymous_6)
FN:117,(anonymous_7)
FN:127,(anonymous_8)
FN:132,(anonymous_9)
FN:140,(anonymous_10)
FN:165,(anonymous_11)
FN:178,(anonymous_12)
FN:201,(anonymous_13)
FNF:14
FNH:0
FNDA:0,(anonymous_0)
FNDA:0,(anonymous_1)
FNDA:0,(anonymous_2)
FNDA:0,(anonymous_3)
FNDA:0,(anonymous_4)
FNDA:0,(anonymous_5)
FNDA:0,(anonymous_6)
FNDA:0,(anonymous_7)
FNDA:0,(anonymous_8)
FNDA:0,(anonymous_9)
FNDA:0,(anonymous_10)
FNDA:0,(anonymous_11)
FNDA:0,(anonymous_12)
FNDA:0,(anonymous_13)
DA:3,1
DA:4,1
DA:18,1
DA:19,0
DA:20,0
DA:21,0
DA:22,0
DA:23,0
DA:24,0
DA:25,0
DA:26,0
DA:27,0
DA:30,0
DA:31,0
DA:32,0
DA:35,0
DA:38,0
DA:39,0
DA:40,0
DA:42,0
DA:43,0
DA:44,0
DA:46,0
DA:47,0
DA:50,0
DA:52,0
DA:53,0
DA:54,0
DA:55,0
DA:56,0
DA:57,0
DA:58,0
DA:59,0
DA:60,0
DA:62,0
DA:63,0
DA:67,1
DA:70,0
DA:71,0
DA:77,0
DA:79,0
DA:82,0
DA:83,0
DA:88,1
DA:89,0
DA:90,0
DA:91,0
DA:92,0
DA:94,0
DA:99,0
DA:100,0
DA:101,0
DA:102,0
DA:103,0
DA:104,0
DA:105,0
DA:107,0
DA:113,0
DA:115,0
DA:118,0
DA:119,0
DA:124,1
DA:127,1
DA:128,0
DA:129,0
DA:131,0
DA:132,0
DA:133,0
DA:135,0
DA:136,0
DA:140,1
DA:141,0
DA:142,0
DA:145,0
DA:146,0
DA:147,0
DA:148,0
DA:151,0
DA:152,0
DA:153,0
DA:154,0
DA:155,0
DA:156,0
DA:160,0
DA:161,0
DA:162,0
DA:165,0
DA:166,0
DA:167,0
DA:168,0
DA:171,0
DA:173,0
DA:174,0
DA:178,1
DA:179,0
DA:180,0
DA:182,0
DA:183,0
DA:184,0
DA:185,0
DA:188,0
DA:189,0
DA:190,0
DA:192,0
DA:196,0
DA:197,0
DA:198,0
DA:201,0
DA:202,0
DA:203,0
DA:204,0
DA:208,0
DA:210,0
DA:211,0
LF:114
LH:9
BRDA:23,0,0,0
BRDA:25,1,0,0
BRDA:30,2,0,0
BRDA:30,3,0,0
BRDA:30,3,1,0
BRDA:30,3,2,0
BRDA:30,3,3,0
BRDA:38,4,0,0
BRDA:38,5,0,0
BRDA:38,5,1,0
BRDA:43,6,0,0
BRDA:43,6,1,0
BRDA:43,7,0,0
BRDA:43,7,1,0
BRDA:44,8,0,0
BRDA:44,8,1,0
BRDA:46,9,0,0
BRDA:53,10,0,0
BRDA:53,10,1,0
BRDA:54,11,0,0
BRDA:54,11,1,0
BRDA:72,12,0,0
BRDA:72,12,1,0
BRDA:72,13,0,0
BRDA:72,13,1,0
BRDA:72,14,0,0
BRDA:72,14,1,0
BRDA:73,15,0,0
BRDA:73,15,1,0
BRDA:73,16,0,0
BRDA:73,16,1,0
BRDA:73,17,0,0
BRDA:73,17,1,0
BRDA:90,18,0,0
BRDA:99,19,0,0
BRDA:99,19,1,0
BRDA:102,20,0,0
BRDA:102,21,0,0
BRDA:102,21,1,0
BRDA:108,22,0,0
BRDA:108,22,1,0
BRDA:108,23,0,0
BRDA:108,23,1,0
BRDA:108,24,0,0
BRDA:108,24,1,0
BRDA:109,25,0,0
BRDA:109,25,1,0
BRDA:109,26,0,0
BRDA:109,26,1,0
BRDA:109,27,0,0
BRDA:109,27,1,0
BRDA:129,28,0,0
BRDA:133,29,0,0
BRDA:133,29,1,0
BRDA:146,30,0,0
BRDA:151,31,0,0
BRDA:151,32,0,0
BRDA:151,32,1,0
BRDA:154,33,0,0
BRDA:154,34,0,0
BRDA:154,34,1,0
BRDA:154,34,2,0
BRDA:160,35,0,0
BRDA:166,36,0,0
BRDA:166,37,0,0
BRDA:166,37,1,0
BRDA:183,38,0,0
BRDA:188,39,0,0
BRDA:188,40,0,0
BRDA:188,40,1,0
BRDA:196,41,0,0
BRDA:202,42,0,0
BRDA:202,43,0,0
BRDA:202,43,1,0
BRF:74
BRH:0
end_of_record
TN:
SF:routes/roles.ts
FN:18,(anonymous_0)
FN:34,(anonymous_1)
FN:45,(anonymous_2)
FN:48,(anonymous_3)
FN:55,(anonymous_4)
FN:72,(anonymous_5)
FN:94,(anonymous_6)
FNF:7
FNH:0
FNDA:0,(anonymous_0)
FNDA:0,(anonymous_1)
FNDA:0,(anonymous_2)
FNDA:0,(anonymous_3)
FNDA:0,(anonymous_4)
FNDA:0,(anonymous_5)
FNDA:0,(anonymous_6)
DA:3,1
DA:4,1
DA:14,1
DA:19,0
DA:20,0
DA:21,0
DA:22,0
DA:23,0
DA:24,0
DA:25,0
DA:27,0
DA:28,0
DA:34,1
DA:37,0
DA:38,0
DA:44,0
DA:46,0
DA:49,0
DA:50,0
DA:55,1
DA:56,0
DA:57,0
DA:58,0
DA:59,0
DA:60,0
DA:62,0
DA:63,0
DA:68,1
DA:73,0
DA:75,0
DA:76,0
DA:77,0
DA:82,0
DA:84,0
DA:85,0
DA:90,1
DA:95,0
DA:97,0
DA:98,0
DA:99,0
DA:104,0
DA:106,0
DA:107,0
LF:43
LH:7
BRDA:20,0,0,0
BRDA:39,1,0,0
BRDA:39,1,1,0
BRDA:39,2,0,0
BRDA:39,2,1,0
BRDA:39,3,0,0
BRDA:39,3,1,0
BRDA:40,4,0,0
BRDA:40,4,1,0
BRDA:40,5,0,0
BRDA:40,5,1,0
BRDA:40,6,0,0
BRDA:40,6,1,0
BRDA:75,7,0,0
BRDA:97,8,0,0
BRF:15
BRH:0
end_of_record
TN:
SF:routes/users.ts
FN:25,(anonymous_0)
FN:43,(anonymous_1)
FN:72,(anonymous_2)
FN:75,(anonymous_3)
FN:81,(anonymous_4)
FN:86,(anonymous_5)
FN:93,(anonymous_6)
FN:99,(anonymous_7)
FN:106,(anonymous_8)
FN:115,(anonymous_9)
FN:118,(anonymous_10)
FN:124,(anonymous_11)
FN:145,(anonymous_12)
FN:168,(anonymous_13)
FN:169,(anonymous_14)
FN:171,(anonymous_15)
FN:196,(anonymous_16)
FN:242,(anonymous_17)
FN:274,(anonymous_18)
FN:280,(anonymous_19)
FN:296,(anonymous_20)
FN:320,(anonymous_21)
FN:339,(anonymous_22)
FN:341,(anonymous_23)
FN:343,(anonymous_24)
FN:368,(anonymous_25)
FN:378,(anonymous_26)
FN:393,(anonymous_27)
FN:395,(anonymous_28)
FN:414,(anonymous_29)
FNF:30
FNH:0
FNDA:0,(anonymous_0)
FNDA:0,(anonymous_1)
FNDA:0,(anonymous_2)
FNDA:0,(anonymous_3)
FNDA:0,(anonymous_4)
FNDA:0,(anonymous_5)
FNDA:0,(anonymous_6)
FNDA:0,(anonymous_7)
FNDA:0,(anonymous_8)
FNDA:0,(anonymous_9)
FNDA:0,(anonymous_10)
FNDA:0,(anonymous_11)
FNDA:0,(anonymous_12)
FNDA:0,(anonymous_13)
FNDA:0,(anonymous_14)
FNDA:0,(anonymous_15)
FNDA:0,(anonymous_16)
FNDA:0,(anonymous_17)
FNDA:0,(anonymous_18)
FNDA:0,(anonymous_19)
FNDA:0,(anonymous_20)
FNDA:0,(anonymous_21)
FNDA:0,(anonymous_22)
FNDA:0,(anonymous_23)
FNDA:0,(anonymous_24)
FNDA:0,(anonymous_25)
FNDA:0,(anonymous_26)
FNDA:0,(anonymous_27)
FNDA:0,(anonymous_28)
FNDA:0,(anonymous_29)
DA:3,1
DA:4,1
DA:25,1
DA:26,0
DA:28,0
DA:36,0
DA:38,0
DA:39,0
DA:43,1
DA:46,0
DA:64,0
DA:65,0
DA:71,0
DA:73,0
DA:76,0
DA:77,0
DA:81,1
DA:82,0
DA:83,0
DA:84,0
DA:85,0
DA:87,0
DA:88,0
DA:91,0
DA:94,0
DA:95,0
DA:99,1
DA:101,0
DA:102,0
DA:103,0
DA:106,1
DA:107,0
DA:108,0
DA:114,0
DA:116,0
DA:119,0
DA:120,0
DA:124,1
DA:135,0
DA:141,0
DA:145,1
DA:146,0
DA:148,0
DA:149,0
DA:150,0
DA:151,0
DA:153,0
DA:157,0
DA:163,0
DA:164,0
DA:165,0
DA:167,0
DA:168,0
DA:169,0
DA:170,0
DA:171,0
DA:172,0
DA:173,0
DA:186,0
DA:187,0
DA:188,0
DA:189,0
DA:191,0
DA:192,0
DA:196,1
DA:197,0
DA:198,0
DA:199,0
DA:200,0
DA:201,0
DA:203,0
DA:204,0
DA:205,0
DA:206,0
DA:208,0
DA:209,0
DA:210,0
DA:212,0
DA:217,0
DA:221,0
DA:222,0
DA:223,0
DA:225,0
DA:226,0
DA:227,0
DA:228,0
DA:230,0
DA:231,0
DA:233,0
DA:234,0
DA:235,0
DA:237,0
DA:238,0
DA:242,1
DA:243,0
DA:244,0
DA:245,0
DA:246,0
DA:247,0
DA:249,0
DA:250,0
DA:251,0
DA:252,0
DA:254,0
DA:255,0
DA:256,0
DA:258,0
DA:263,0
DA:267,0
DA:268,0
DA:269,0
DA:272,0
DA:273,0
DA:274,0
DA:278,0
DA:279,0
DA:280,0
DA:283,0
DA:284,0
DA:285,0
DA:287,0
DA:288,0
DA:296,1
DA:297,0
DA:298,0
DA:299,0
DA:300,0
DA:301,0
DA:303,0
DA:307,0
DA:308,0
DA:309,0
DA:310,0
DA:311,0
DA:315,0
DA:316,0
DA:320,1
DA:321,0
DA:322,0
DA:323,0
DA:324,0
DA:326,0
DA:329,0
DA:330,0
DA:331,0
DA:332,0
DA:334,0
DA:338,0
DA:339,0
DA:340,0
DA:341,0
DA:342,0
DA:343,0
DA:344,0
DA:345,0
DA:356,0
DA:357,0
DA:358,0
DA:360,0
DA:361,0
DA:368,1
DA:369,0
DA:370,0
DA:371,0
DA:372,0
DA:376,0
DA:377,0
DA:378,0
DA:379,0
DA:380,0
DA:381,0
DA:384,0
DA:387,0
DA:388,0
DA:389,0
DA:390,0
DA:391,0
DA:392,0
DA:394,0
DA:395,0
DA:396,0
DA:397,0
DA:398,0
DA:404,0
DA:406,0
DA:407,0
DA:408,0
DA:409,0
DA:410,0
DA:415,0
DA:416,0
DA:420,0
DA:421,0
LF:193
LH:14
BRDA:66,0,0,0
BRDA:66,0,1,0
BRDA:66,1,0,0
BRDA:66,1,1,0
BRDA:66,2,0,0
BRDA:66,2,1,0
BRDA:67,3,0,0
BRDA:67,3,1,0
BRDA:67,4,0,0
BRDA:67,4,1,0
BRDA:67,5,0,0
BRDA:67,5,1,0
BRDA:109,6,0,0
BRDA:109,6,1,0
BRDA:109,7,0,0
BRDA:109,7,1,0
BRDA:109,8,0,0
BRDA:109,8,1,0
BRDA:110,9,0,0
BRDA:110,9,1,0
BRDA:110,10,0,0
BRDA:110,10,1,0
BRDA:110,11,0,0
BRDA:110,11,1,0
BRDA:149,12,0,0
BRDA:157,13,0,0
BRDA:157,13,1,0
BRDA:157,14,0,0
BRDA:157,14,1,0
BRDA:163,15,0,0
BRDA:170,16,0,0
BRDA:172,17,0,0
BRDA:186,18,0,0
BRDA:199,19,0,0
BRDA:204,20,0,0
BRDA:208,21,0,0
BRDA:221,22,0,0
BRDA:221,23,0,0
BRDA:221,23,1,0
BRDA:225,24,0,0
BRDA:225,25,0,0
BRDA:225,25,1,0
BRDA:227,26,0,0
BRDA:227,26,1,0
BRDA:230,27,0,0
BRDA:230,27,1,0
BRDA:245,28,0,0
BRDA:250,29,0,0
BRDA:254,30,0,0
BRDA:267,31,0,0
BRDA:267,32,0,0
BRDA:267,32,1,0
BRDA:272,33,0,0
BRDA:278,34,0,0
BRDA:299,35,0,0
BRDA:307,36,0,0
BRDA:307,36,1,0
BRDA:309,37,0,0
BRDA:309,37,1,0
BRDA:323,38,0,0
BRDA:326,39,0,0
BRDA:326,39,1,0
BRDA:326,40,0,0
BRDA:326,40,1,0
BRDA:330,41,0,0
BRDA:342,42,0,0
BRDA:344,43,0,0
BRDA:356,44,0,0
BRDA:356,44,1,0
BRDA:371,45,0,0
BRDA:376,46,0,0
BRDA:376,46,1,0
BRDA:376,47,0,0
BRDA:376,47,1,0
BRDA:378,48,0,0
BRDA:378,48,1,0
BRDA:378,49,0,0
BRDA:378,49,1,0
BRDA:380,50,0,0
BRDA:396,51,0,0
BRDA:396,52,0,0
BRDA:396,52,1,0
BRDA:406,53,0,0
BRDA:407,54,0,0
BRDA:407,54,1,0
BRF:85
BRH:0
end_of_record
